INFO - 2025-02-07 06:17:51 --> Session: Class initialized using 'CodeIgniter\Session\Handlers\FileHandler' driver.
INFO - 2025-02-07 06:17:53 --> Session: Class initialized using 'CodeIgniter\Session\Handlers\FileHandler' driver.
INFO - 2025-02-07 06:17:53 --> Session: Class initialized using 'CodeIgniter\Session\Handlers\FileHandler' driver.
INFO - 2025-02-07 06:18:05 --> Session: Class initialized using 'CodeIgniter\Session\Handlers\FileHandler' driver.
INFO - 2025-02-07 06:18:14 --> Session: Class initialized using 'CodeIgniter\Session\Handlers\FileHandler' driver.
INFO - 2025-02-07 06:18:30 --> Session: Class initialized using 'CodeIgniter\Session\Handlers\FileHandler' driver.
INFO - 2025-02-07 06:18:30 --> Session: Class initialized using 'CodeIgniter\Session\Handlers\FileHandler' driver.
INFO - 2025-02-07 06:18:34 --> Session: Class initialized using 'CodeIgniter\Session\Handlers\FileHandler' driver.
INFO - 2025-02-07 06:18:35 --> Session: Class initialized using 'CodeIgniter\Session\Handlers\FileHandler' driver.
INFO - 2025-02-07 06:18:38 --> Session: Class initialized using 'CodeIgniter\Session\Handlers\FileHandler' driver.
INFO - 2025-02-07 06:18:38 --> Session: Class initialized using 'CodeIgniter\Session\Handlers\FileHandler' driver.
INFO - 2025-02-07 06:18:46 --> Session: Class initialized using 'CodeIgniter\Session\Handlers\FileHandler' driver.
INFO - 2025-02-07 06:18:47 --> Session: Class initialized using 'CodeIgniter\Session\Handlers\FileHandler' driver.
INFO - 2025-02-07 06:18:51 --> Session: Class initialized using 'CodeIgniter\Session\Handlers\FileHandler' driver.
INFO - 2025-02-07 06:18:51 --> Session: Class initialized using 'CodeIgniter\Session\Handlers\FileHandler' driver.
INFO - 2025-02-07 06:18:55 --> Session: Class initialized using 'CodeIgniter\Session\Handlers\FileHandler' driver.
INFO - 2025-02-07 06:18:55 --> Session: Class initialized using 'CodeIgniter\Session\Handlers\FileHandler' driver.
INFO - 2025-02-07 06:19:00 --> Session: Class initialized using 'CodeIgniter\Session\Handlers\FileHandler' driver.
INFO - 2025-02-07 06:19:00 --> Session: Class initialized using 'CodeIgniter\Session\Handlers\FileHandler' driver.
INFO - 2025-02-07 06:19:05 --> Session: Class initialized using 'CodeIgniter\Session\Handlers\FileHandler' driver.
INFO - 2025-02-07 06:19:05 --> Session: Class initialized using 'CodeIgniter\Session\Handlers\FileHandler' driver.
INFO - 2025-02-07 06:19:09 --> Session: Class initialized using 'CodeIgniter\Session\Handlers\FileHandler' driver.
INFO - 2025-02-07 06:19:09 --> Session: Class initialized using 'CodeIgniter\Session\Handlers\FileHandler' driver.
INFO - 2025-02-07 06:19:13 --> Session: Class initialized using 'CodeIgniter\Session\Handlers\FileHandler' driver.
INFO - 2025-02-07 06:19:14 --> Session: Class initialized using 'CodeIgniter\Session\Handlers\FileHandler' driver.
INFO - 2025-02-07 06:19:17 --> Session: Class initialized using 'CodeIgniter\Session\Handlers\FileHandler' driver.
INFO - 2025-02-07 06:19:18 --> Session: Class initialized using 'CodeIgniter\Session\Handlers\FileHandler' driver.
INFO - 2025-02-07 06:19:24 --> Session: Class initialized using 'CodeIgniter\Session\Handlers\FileHandler' driver.
INFO - 2025-02-07 06:19:24 --> Session: Class initialized using 'CodeIgniter\Session\Handlers\FileHandler' driver.
INFO - 2025-02-07 06:19:28 --> Session: Class initialized using 'CodeIgniter\Session\Handlers\FileHandler' driver.
INFO - 2025-02-07 06:19:28 --> Session: Class initialized using 'CodeIgniter\Session\Handlers\FileHandler' driver.
INFO - 2025-02-07 06:19:34 --> Session: Class initialized using 'CodeIgniter\Session\Handlers\FileHandler' driver.
INFO - 2025-02-07 06:19:34 --> Session: Class initialized using 'CodeIgniter\Session\Handlers\FileHandler' driver.
INFO - 2025-02-07 06:19:40 --> Session: Class initialized using 'CodeIgniter\Session\Handlers\FileHandler' driver.
INFO - 2025-02-07 06:19:40 --> Session: Class initialized using 'CodeIgniter\Session\Handlers\FileHandler' driver.
INFO - 2025-02-07 06:19:45 --> Session: Class initialized using 'CodeIgniter\Session\Handlers\FileHandler' driver.
INFO - 2025-02-07 06:19:45 --> Session: Class initialized using 'CodeIgniter\Session\Handlers\FileHandler' driver.
INFO - 2025-02-07 06:19:49 --> Session: Class initialized using 'CodeIgniter\Session\Handlers\FileHandler' driver.
INFO - 2025-02-07 06:19:49 --> Session: Class initialized using 'CodeIgniter\Session\Handlers\FileHandler' driver.
INFO - 2025-02-07 06:19:54 --> Session: Class initialized using 'CodeIgniter\Session\Handlers\FileHandler' driver.
INFO - 2025-02-07 06:20:02 --> Session: Class initialized using 'CodeIgniter\Session\Handlers\FileHandler' driver.
INFO - 2025-02-07 06:20:11 --> Session: Class initialized using 'CodeIgniter\Session\Handlers\FileHandler' driver.
INFO - 2025-02-07 06:20:11 --> Session: Class initialized using 'CodeIgniter\Session\Handlers\FileHandler' driver.
INFO - 2025-02-07 06:20:18 --> Session: Class initialized using 'CodeIgniter\Session\Handlers\FileHandler' driver.
INFO - 2025-02-07 06:20:29 --> Session: Class initialized using 'CodeIgniter\Session\Handlers\FileHandler' driver.
INFO - 2025-02-07 06:30:07 --> Session: Class initialized using 'CodeIgniter\Session\Handlers\FileHandler' driver.
INFO - 2025-02-07 06:30:18 --> Session: Class initialized using 'CodeIgniter\Session\Handlers\FileHandler' driver.
INFO - 2025-02-07 06:30:21 --> Session: Class initialized using 'CodeIgniter\Session\Handlers\FileHandler' driver.
INFO - 2025-02-07 06:30:24 --> Session: Class initialized using 'CodeIgniter\Session\Handlers\FileHandler' driver.
INFO - 2025-02-07 06:30:55 --> Session: Class initialized using 'CodeIgniter\Session\Handlers\FileHandler' driver.
INFO - 2025-02-07 06:31:32 --> Session: Class initialized using 'CodeIgniter\Session\Handlers\FileHandler' driver.
INFO - 2025-02-07 06:31:56 --> Session: Class initialized using 'CodeIgniter\Session\Handlers\FileHandler' driver.
INFO - 2025-02-07 06:33:12 --> Session: Class initialized using 'CodeIgniter\Session\Handlers\FileHandler' driver.
CRITICAL - 2025-02-07 06:33:12 --> ParseError: syntax error, unexpected string content "", expecting "-" or identifier or variable or number
in APPPATH\Controllers\Admin\Category\Category.php on line 100.
 1 SYSTEMPATH\Autoloader\Autoloader.php(290): CodeIgniter\Autoloader\Autoloader->includeFile('C:\\xampp\\htdocs\\vscadmin\\app\\Controllers\\Admin\\Category\\Category.php')
 2 SYSTEMPATH\Autoloader\Autoloader.php(266): CodeIgniter\Autoloader\Autoloader->loadInNamespace('App\\Controllers\\Admin\\Category\\Category')
 3 [internal function]: CodeIgniter\Autoloader\Autoloader->loadClass('App\\Controllers\\Admin\\Category\\Category')
 4 SYSTEMPATH\CodeIgniter.php(901): class_exists('\\App\\Controllers\\Admin\\Category\\Category', true)
 5 SYSTEMPATH\CodeIgniter.php(490): CodeIgniter\CodeIgniter->startController()
 6 SYSTEMPATH\CodeIgniter.php(361): CodeIgniter\CodeIgniter->handleRequest(null, Object(Config\Cache), false)
 7 FCPATH\index.php(79): CodeIgniter\CodeIgniter->run()
 8 SYSTEMPATH\Commands\Server\rewrite.php(47): require_once('C:\\xampp\\htdocs\\vscadmin\\public\\index.php')
INFO - 2025-02-07 06:33:24 --> Session: Class initialized using 'CodeIgniter\Session\Handlers\FileHandler' driver.
INFO - 2025-02-07 06:36:03 --> Session: Class initialized using 'CodeIgniter\Session\Handlers\FileHandler' driver.
INFO - 2025-02-07 06:36:07 --> Session: Class initialized using 'CodeIgniter\Session\Handlers\FileHandler' driver.
INFO - 2025-02-07 06:58:27 --> Session: Class initialized using 'CodeIgniter\Session\Handlers\FileHandler' driver.
CRITICAL - 2025-02-07 06:58:27 --> ErrorException: Undefined array key "id"
in APPPATH\Controllers\Admin\Category\Category.php on line 100.
 1 APPPATH\Controllers\Admin\Category\Category.php(100): CodeIgniter\Debug\Exceptions->errorHandler(2, 'Undefined array key "id"', 'C:\\xampp\\htdocs\\vscadmin\\app\\Controllers\\Admin\\Category\\Category.php', 100)
 2 SYSTEMPATH\CodeIgniter.php(943): App\Controllers\Admin\Category\Category->listAllCategory_Form_save('13fa702a471a8b16af90248e4d802741')
 3 SYSTEMPATH\CodeIgniter.php(503): CodeIgniter\CodeIgniter->runController(Object(App\Controllers\Admin\Category\Category))
 4 SYSTEMPATH\CodeIgniter.php(361): CodeIgniter\CodeIgniter->handleRequest(null, Object(Config\Cache), false)
 5 FCPATH\index.php(79): CodeIgniter\CodeIgniter->run()
 6 SYSTEMPATH\Commands\Server\rewrite.php(47): require_once('C:\\xampp\\htdocs\\vscadmin\\public\\index.php')
INFO - 2025-02-07 07:00:13 --> Session: Class initialized using 'CodeIgniter\Session\Handlers\FileHandler' driver.
CRITICAL - 2025-02-07 07:00:13 --> ErrorException: Undefined array key "id"
in APPPATH\Controllers\Admin\Category\Category.php on line 100.
 1 APPPATH\Controllers\Admin\Category\Category.php(100): CodeIgniter\Debug\Exceptions->errorHandler(2, 'Undefined array key "id"', 'C:\\xampp\\htdocs\\vscadmin\\app\\Controllers\\Admin\\Category\\Category.php', 100)
 2 SYSTEMPATH\CodeIgniter.php(943): App\Controllers\Admin\Category\Category->listAllCategory_Form_save('13fa702a471a8b16af90248e4d802741')
 3 SYSTEMPATH\CodeIgniter.php(503): CodeIgniter\CodeIgniter->runController(Object(App\Controllers\Admin\Category\Category))
 4 SYSTEMPATH\CodeIgniter.php(361): CodeIgniter\CodeIgniter->handleRequest(null, Object(Config\Cache), false)
 5 FCPATH\index.php(79): CodeIgniter\CodeIgniter->run()
 6 SYSTEMPATH\Commands\Server\rewrite.php(47): require_once('C:\\xampp\\htdocs\\vscadmin\\public\\index.php')
INFO - 2025-02-07 07:00:22 --> Session: Class initialized using 'CodeIgniter\Session\Handlers\FileHandler' driver.
CRITICAL - 2025-02-07 07:00:22 --> ErrorException: Undefined array key "id"
in APPPATH\Controllers\Admin\Category\Category.php on line 100.
 1 APPPATH\Controllers\Admin\Category\Category.php(100): CodeIgniter\Debug\Exceptions->errorHandler(2, 'Undefined array key "id"', 'C:\\xampp\\htdocs\\vscadmin\\app\\Controllers\\Admin\\Category\\Category.php', 100)
 2 SYSTEMPATH\CodeIgniter.php(943): App\Controllers\Admin\Category\Category->listAllCategory_Form_save('13fa702a471a8b16af90248e4d802741')
 3 SYSTEMPATH\CodeIgniter.php(503): CodeIgniter\CodeIgniter->runController(Object(App\Controllers\Admin\Category\Category))
 4 SYSTEMPATH\CodeIgniter.php(361): CodeIgniter\CodeIgniter->handleRequest(null, Object(Config\Cache), false)
 5 FCPATH\index.php(79): CodeIgniter\CodeIgniter->run()
 6 SYSTEMPATH\Commands\Server\rewrite.php(47): require_once('C:\\xampp\\htdocs\\vscadmin\\public\\index.php')
INFO - 2025-02-07 07:00:25 --> Session: Class initialized using 'CodeIgniter\Session\Handlers\FileHandler' driver.
INFO - 2025-02-07 07:00:30 --> Session: Class initialized using 'CodeIgniter\Session\Handlers\FileHandler' driver.
ERROR - 2025-02-07 12:30:30 --> mysqli_sql_exception: Unknown column 'branch' in 'field list' in C:\xampp\htdocs\vscadmin\vendor\codeigniter4\framework\system\Database\MySQLi\Connection.php:306
Stack trace:
#0 C:\xampp\htdocs\vscadmin\vendor\codeigniter4\framework\system\Database\MySQLi\Connection.php(306): mysqli->query('INSERT INTO `ca...', 0)
#1 C:\xampp\htdocs\vscadmin\vendor\codeigniter4\framework\system\Database\BaseConnection.php(693): CodeIgniter\Database\MySQLi\Connection->execute('INSERT INTO `ca...')
#2 C:\xampp\htdocs\vscadmin\vendor\codeigniter4\framework\system\Database\BaseConnection.php(607): CodeIgniter\Database\BaseConnection->simpleQuery('INSERT INTO `ca...')
#3 C:\xampp\htdocs\vscadmin\app\Models\CatModel.php(209): CodeIgniter\Database\BaseConnection->query('INSERT INTO `ca...')
#4 C:\xampp\htdocs\vscadmin\app\Controllers\Admin\Category\Category.php(139): App\Models\CatModel->save(Array)
#5 C:\xampp\htdocs\vscadmin\vendor\codeigniter4\framework\system\CodeIgniter.php(943): App\Controllers\Admin\Category\Category->listAllCategory_Form_save('13fa702a471a8b1...')
#6 C:\xampp\htdocs\vscadmin\vendor\codeigniter4\framework\system\CodeIgniter.php(503): CodeIgniter\CodeIgniter->runController(Object(App\Controllers\Admin\Category\Category))
#7 C:\xampp\htdocs\vscadmin\vendor\codeigniter4\framework\system\CodeIgniter.php(361): CodeIgniter\CodeIgniter->handleRequest(NULL, Object(Config\Cache), false)
#8 C:\xampp\htdocs\vscadmin\public\index.php(79): CodeIgniter\CodeIgniter->run()
#9 C:\xampp\htdocs\vscadmin\vendor\codeigniter4\framework\system\Commands\Server\rewrite.php(47): require_once('C:\\xampp\\htdocs...')
#10 {main}
CRITICAL - 2025-02-07 12:30:30 --> CodeIgniter\Database\Exceptions\DatabaseException: Unknown column 'branch' in 'field list'
in SYSTEMPATH\Database\BaseConnection.php on line 647.
 1 APPPATH\Models\CatModel.php(209): CodeIgniter\Database\BaseConnection->query('INSERT INTO `category`( `id`,`name`,`branch`,`completion`,`working`,`security_deposit`, 
        `recovery_status`,`invoice_no`,`bill_date`,`report_submit_date`,`submit_date`,`fee`,`audit`, 
        `assignment`,`status`,`created_at`) VALUES (null,
        \'\',\'\',\'\',\'\',\'\',\'\',\'\',
        \'\',\'\',\'\',\'\',\'\',\'\',\'Enable\',\'2025-02-07 12:30:30\')')
 2 APPPATH\Controllers\Admin\Category\Category.php(139): App\Models\CatModel->save([...])
 3 SYSTEMPATH\CodeIgniter.php(943): App\Controllers\Admin\Category\Category->listAllCategory_Form_save('13fa702a471a8b16af90248e4d802741')
 4 SYSTEMPATH\CodeIgniter.php(503): CodeIgniter\CodeIgniter->runController(Object(App\Controllers\Admin\Category\Category))
 5 SYSTEMPATH\CodeIgniter.php(361): CodeIgniter\CodeIgniter->handleRequest(null, Object(Config\Cache), false)
 6 FCPATH\index.php(79): CodeIgniter\CodeIgniter->run()
 7 SYSTEMPATH\Commands\Server\rewrite.php(47): require_once('C:\\xampp\\htdocs\\vscadmin\\public\\index.php')
CRITICAL - 2025-02-07 12:30:30 --> [Caused by] CodeIgniter\Database\Exceptions\DatabaseException: Unknown column 'branch' in 'field list'
in SYSTEMPATH\Database\MySQLi\Connection.php on line 311.
 1 SYSTEMPATH\Database\BaseConnection.php(693): CodeIgniter\Database\MySQLi\Connection->execute('INSERT INTO `category`( `id`,`name`,`branch`,`completion`,`working`,`security_deposit`, 
        `recovery_status`,`invoice_no`,`bill_date`,`report_submit_date`,`submit_date`,`fee`,`audit`, 
        `assignment`,`status`,`created_at`) VALUES (null,
        \'\',\'\',\'\',\'\',\'\',\'\',\'\',
        \'\',\'\',\'\',\'\',\'\',\'\',\'Enable\',\'2025-02-07 12:30:30\')')
 2 SYSTEMPATH\Database\BaseConnection.php(607): CodeIgniter\Database\BaseConnection->simpleQuery('INSERT INTO `category`( `id`,`name`,`branch`,`completion`,`working`,`security_deposit`, 
        `recovery_status`,`invoice_no`,`bill_date`,`report_submit_date`,`submit_date`,`fee`,`audit`, 
        `assignment`,`status`,`created_at`) VALUES (null,
        \'\',\'\',\'\',\'\',\'\',\'\',\'\',
        \'\',\'\',\'\',\'\',\'\',\'\',\'Enable\',\'2025-02-07 12:30:30\')')
 3 APPPATH\Models\CatModel.php(209): CodeIgniter\Database\BaseConnection->query('INSERT INTO `category`( `id`,`name`,`branch`,`completion`,`working`,`security_deposit`, 
        `recovery_status`,`invoice_no`,`bill_date`,`report_submit_date`,`submit_date`,`fee`,`audit`, 
        `assignment`,`status`,`created_at`) VALUES (null,
        \'\',\'\',\'\',\'\',\'\',\'\',\'\',
        \'\',\'\',\'\',\'\',\'\',\'\',\'Enable\',\'2025-02-07 12:30:30\')')
 4 APPPATH\Controllers\Admin\Category\Category.php(139): App\Models\CatModel->save([...])
 5 SYSTEMPATH\CodeIgniter.php(943): App\Controllers\Admin\Category\Category->listAllCategory_Form_save('13fa702a471a8b16af90248e4d802741')
 6 SYSTEMPATH\CodeIgniter.php(503): CodeIgniter\CodeIgniter->runController(Object(App\Controllers\Admin\Category\Category))
 7 SYSTEMPATH\CodeIgniter.php(361): CodeIgniter\CodeIgniter->handleRequest(null, Object(Config\Cache), false)
 8 FCPATH\index.php(79): CodeIgniter\CodeIgniter->run()
 9 SYSTEMPATH\Commands\Server\rewrite.php(47): require_once('C:\\xampp\\htdocs\\vscadmin\\public\\index.php')
CRITICAL - 2025-02-07 12:30:30 --> [Caused by] mysqli_sql_exception: Unknown column 'branch' in 'field list'
in SYSTEMPATH\Database\MySQLi\Connection.php on line 306.
 1 SYSTEMPATH\Database\MySQLi\Connection.php(306): mysqli->query('INSERT INTO `category`( `id`,`name`,`branch`,`completion`,`working`,`security_deposit`, 
        `recovery_status`,`invoice_no`,`bill_date`,`report_submit_date`,`submit_date`,`fee`,`audit`, 
        `assignment`,`status`,`created_at`) VALUES (null,
        \'\',\'\',\'\',\'\',\'\',\'\',\'\',
        \'\',\'\',\'\',\'\',\'\',\'\',\'Enable\',\'2025-02-07 12:30:30\')', 0)
 2 SYSTEMPATH\Database\BaseConnection.php(693): CodeIgniter\Database\MySQLi\Connection->execute('INSERT INTO `category`( `id`,`name`,`branch`,`completion`,`working`,`security_deposit`, 
        `recovery_status`,`invoice_no`,`bill_date`,`report_submit_date`,`submit_date`,`fee`,`audit`, 
        `assignment`,`status`,`created_at`) VALUES (null,
        \'\',\'\',\'\',\'\',\'\',\'\',\'\',
        \'\',\'\',\'\',\'\',\'\',\'\',\'Enable\',\'2025-02-07 12:30:30\')')
 3 SYSTEMPATH\Database\BaseConnection.php(607): CodeIgniter\Database\BaseConnection->simpleQuery('INSERT INTO `category`( `id`,`name`,`branch`,`completion`,`working`,`security_deposit`, 
        `recovery_status`,`invoice_no`,`bill_date`,`report_submit_date`,`submit_date`,`fee`,`audit`, 
        `assignment`,`status`,`created_at`) VALUES (null,
        \'\',\'\',\'\',\'\',\'\',\'\',\'\',
        \'\',\'\',\'\',\'\',\'\',\'\',\'Enable\',\'2025-02-07 12:30:30\')')
 4 APPPATH\Models\CatModel.php(209): CodeIgniter\Database\BaseConnection->query('INSERT INTO `category`( `id`,`name`,`branch`,`completion`,`working`,`security_deposit`, 
        `recovery_status`,`invoice_no`,`bill_date`,`report_submit_date`,`submit_date`,`fee`,`audit`, 
        `assignment`,`status`,`created_at`) VALUES (null,
        \'\',\'\',\'\',\'\',\'\',\'\',\'\',
        \'\',\'\',\'\',\'\',\'\',\'\',\'Enable\',\'2025-02-07 12:30:30\')')
 5 APPPATH\Controllers\Admin\Category\Category.php(139): App\Models\CatModel->save([...])
 6 SYSTEMPATH\CodeIgniter.php(943): App\Controllers\Admin\Category\Category->listAllCategory_Form_save('13fa702a471a8b16af90248e4d802741')
 7 SYSTEMPATH\CodeIgniter.php(503): CodeIgniter\CodeIgniter->runController(Object(App\Controllers\Admin\Category\Category))
 8 SYSTEMPATH\CodeIgniter.php(361): CodeIgniter\CodeIgniter->handleRequest(null, Object(Config\Cache), false)
 9 FCPATH\index.php(79): CodeIgniter\CodeIgniter->run()
10 SYSTEMPATH\Commands\Server\rewrite.php(47): require_once('C:\\xampp\\htdocs\\vscadmin\\public\\index.php')
INFO - 2025-02-07 07:03:16 --> Session: Class initialized using 'CodeIgniter\Session\Handlers\FileHandler' driver.
INFO - 2025-02-07 07:03:42 --> Session: Class initialized using 'CodeIgniter\Session\Handlers\FileHandler' driver.
INFO - 2025-02-07 07:04:26 --> Session: Class initialized using 'CodeIgniter\Session\Handlers\FileHandler' driver.
INFO - 2025-02-07 07:05:12 --> Session: Class initialized using 'CodeIgniter\Session\Handlers\FileHandler' driver.
ERROR - 2025-02-07 12:35:12 --> mysqli_sql_exception: Unknown column 'branch' in 'field list' in C:\xampp\htdocs\vscadmin\vendor\codeigniter4\framework\system\Database\MySQLi\Connection.php:306
Stack trace:
#0 C:\xampp\htdocs\vscadmin\vendor\codeigniter4\framework\system\Database\MySQLi\Connection.php(306): mysqli->query('INSERT INTO `ca...', 0)
#1 C:\xampp\htdocs\vscadmin\vendor\codeigniter4\framework\system\Database\BaseConnection.php(693): CodeIgniter\Database\MySQLi\Connection->execute('INSERT INTO `ca...')
#2 C:\xampp\htdocs\vscadmin\vendor\codeigniter4\framework\system\Database\BaseConnection.php(607): CodeIgniter\Database\BaseConnection->simpleQuery('INSERT INTO `ca...')
#3 C:\xampp\htdocs\vscadmin\app\Models\CatModel.php(210): CodeIgniter\Database\BaseConnection->query('INSERT INTO `ca...')
#4 C:\xampp\htdocs\vscadmin\app\Controllers\Admin\Category\Category.php(136): App\Models\CatModel->save(Array)
#5 C:\xampp\htdocs\vscadmin\vendor\codeigniter4\framework\system\CodeIgniter.php(943): App\Controllers\Admin\Category\Category->listAllCategory_Form_save('13fa702a471a8b1...')
#6 C:\xampp\htdocs\vscadmin\vendor\codeigniter4\framework\system\CodeIgniter.php(503): CodeIgniter\CodeIgniter->runController(Object(App\Controllers\Admin\Category\Category))
#7 C:\xampp\htdocs\vscadmin\vendor\codeigniter4\framework\system\CodeIgniter.php(361): CodeIgniter\CodeIgniter->handleRequest(NULL, Object(Config\Cache), false)
#8 C:\xampp\htdocs\vscadmin\public\index.php(79): CodeIgniter\CodeIgniter->run()
#9 C:\xampp\htdocs\vscadmin\vendor\codeigniter4\framework\system\Commands\Server\rewrite.php(47): require_once('C:\\xampp\\htdocs...')
#10 {main}
CRITICAL - 2025-02-07 12:35:12 --> CodeIgniter\Database\Exceptions\DatabaseException: Unknown column 'branch' in 'field list'
in SYSTEMPATH\Database\BaseConnection.php on line 647.
 1 APPPATH\Models\CatModel.php(210): CodeIgniter\Database\BaseConnection->query('INSERT INTO `category`( `id`,`name`,`branch`,`completion`,`working`,`security_deposit`, 
        `recovery_status`,`invoice_no`,`bill_date`,`report_submit_date`,`submit_date`,`fee`,`audit`, 
        `assignment`,`status`,`created_at`) VALUES (null,
        \'\',\'\',\'\',\'\',\'\',\'\',\'\',
        \'\',\'\',\'\',\'\',\'\',\'\',\'Enable\',\'2025-02-07 12:35:12\')')
 2 APPPATH\Controllers\Admin\Category\Category.php(136): App\Models\CatModel->save([...])
 3 SYSTEMPATH\CodeIgniter.php(943): App\Controllers\Admin\Category\Category->listAllCategory_Form_save('13fa702a471a8b16af90248e4d802741')
 4 SYSTEMPATH\CodeIgniter.php(503): CodeIgniter\CodeIgniter->runController(Object(App\Controllers\Admin\Category\Category))
 5 SYSTEMPATH\CodeIgniter.php(361): CodeIgniter\CodeIgniter->handleRequest(null, Object(Config\Cache), false)
 6 FCPATH\index.php(79): CodeIgniter\CodeIgniter->run()
 7 SYSTEMPATH\Commands\Server\rewrite.php(47): require_once('C:\\xampp\\htdocs\\vscadmin\\public\\index.php')
CRITICAL - 2025-02-07 12:35:12 --> [Caused by] CodeIgniter\Database\Exceptions\DatabaseException: Unknown column 'branch' in 'field list'
in SYSTEMPATH\Database\MySQLi\Connection.php on line 311.
 1 SYSTEMPATH\Database\BaseConnection.php(693): CodeIgniter\Database\MySQLi\Connection->execute('INSERT INTO `category`( `id`,`name`,`branch`,`completion`,`working`,`security_deposit`, 
        `recovery_status`,`invoice_no`,`bill_date`,`report_submit_date`,`submit_date`,`fee`,`audit`, 
        `assignment`,`status`,`created_at`) VALUES (null,
        \'\',\'\',\'\',\'\',\'\',\'\',\'\',
        \'\',\'\',\'\',\'\',\'\',\'\',\'Enable\',\'2025-02-07 12:35:12\')')
 2 SYSTEMPATH\Database\BaseConnection.php(607): CodeIgniter\Database\BaseConnection->simpleQuery('INSERT INTO `category`( `id`,`name`,`branch`,`completion`,`working`,`security_deposit`, 
        `recovery_status`,`invoice_no`,`bill_date`,`report_submit_date`,`submit_date`,`fee`,`audit`, 
        `assignment`,`status`,`created_at`) VALUES (null,
        \'\',\'\',\'\',\'\',\'\',\'\',\'\',
        \'\',\'\',\'\',\'\',\'\',\'\',\'Enable\',\'2025-02-07 12:35:12\')')
 3 APPPATH\Models\CatModel.php(210): CodeIgniter\Database\BaseConnection->query('INSERT INTO `category`( `id`,`name`,`branch`,`completion`,`working`,`security_deposit`, 
        `recovery_status`,`invoice_no`,`bill_date`,`report_submit_date`,`submit_date`,`fee`,`audit`, 
        `assignment`,`status`,`created_at`) VALUES (null,
        \'\',\'\',\'\',\'\',\'\',\'\',\'\',
        \'\',\'\',\'\',\'\',\'\',\'\',\'Enable\',\'2025-02-07 12:35:12\')')
 4 APPPATH\Controllers\Admin\Category\Category.php(136): App\Models\CatModel->save([...])
 5 SYSTEMPATH\CodeIgniter.php(943): App\Controllers\Admin\Category\Category->listAllCategory_Form_save('13fa702a471a8b16af90248e4d802741')
 6 SYSTEMPATH\CodeIgniter.php(503): CodeIgniter\CodeIgniter->runController(Object(App\Controllers\Admin\Category\Category))
 7 SYSTEMPATH\CodeIgniter.php(361): CodeIgniter\CodeIgniter->handleRequest(null, Object(Config\Cache), false)
 8 FCPATH\index.php(79): CodeIgniter\CodeIgniter->run()
 9 SYSTEMPATH\Commands\Server\rewrite.php(47): require_once('C:\\xampp\\htdocs\\vscadmin\\public\\index.php')
CRITICAL - 2025-02-07 12:35:12 --> [Caused by] mysqli_sql_exception: Unknown column 'branch' in 'field list'
in SYSTEMPATH\Database\MySQLi\Connection.php on line 306.
 1 SYSTEMPATH\Database\MySQLi\Connection.php(306): mysqli->query('INSERT INTO `category`( `id`,`name`,`branch`,`completion`,`working`,`security_deposit`, 
        `recovery_status`,`invoice_no`,`bill_date`,`report_submit_date`,`submit_date`,`fee`,`audit`, 
        `assignment`,`status`,`created_at`) VALUES (null,
        \'\',\'\',\'\',\'\',\'\',\'\',\'\',
        \'\',\'\',\'\',\'\',\'\',\'\',\'Enable\',\'2025-02-07 12:35:12\')', 0)
 2 SYSTEMPATH\Database\BaseConnection.php(693): CodeIgniter\Database\MySQLi\Connection->execute('INSERT INTO `category`( `id`,`name`,`branch`,`completion`,`working`,`security_deposit`, 
        `recovery_status`,`invoice_no`,`bill_date`,`report_submit_date`,`submit_date`,`fee`,`audit`, 
        `assignment`,`status`,`created_at`) VALUES (null,
        \'\',\'\',\'\',\'\',\'\',\'\',\'\',
        \'\',\'\',\'\',\'\',\'\',\'\',\'Enable\',\'2025-02-07 12:35:12\')')
 3 SYSTEMPATH\Database\BaseConnection.php(607): CodeIgniter\Database\BaseConnection->simpleQuery('INSERT INTO `category`( `id`,`name`,`branch`,`completion`,`working`,`security_deposit`, 
        `recovery_status`,`invoice_no`,`bill_date`,`report_submit_date`,`submit_date`,`fee`,`audit`, 
        `assignment`,`status`,`created_at`) VALUES (null,
        \'\',\'\',\'\',\'\',\'\',\'\',\'\',
        \'\',\'\',\'\',\'\',\'\',\'\',\'Enable\',\'2025-02-07 12:35:12\')')
 4 APPPATH\Models\CatModel.php(210): CodeIgniter\Database\BaseConnection->query('INSERT INTO `category`( `id`,`name`,`branch`,`completion`,`working`,`security_deposit`, 
        `recovery_status`,`invoice_no`,`bill_date`,`report_submit_date`,`submit_date`,`fee`,`audit`, 
        `assignment`,`status`,`created_at`) VALUES (null,
        \'\',\'\',\'\',\'\',\'\',\'\',\'\',
        \'\',\'\',\'\',\'\',\'\',\'\',\'Enable\',\'2025-02-07 12:35:12\')')
 5 APPPATH\Controllers\Admin\Category\Category.php(136): App\Models\CatModel->save([...])
 6 SYSTEMPATH\CodeIgniter.php(943): App\Controllers\Admin\Category\Category->listAllCategory_Form_save('13fa702a471a8b16af90248e4d802741')
 7 SYSTEMPATH\CodeIgniter.php(503): CodeIgniter\CodeIgniter->runController(Object(App\Controllers\Admin\Category\Category))
 8 SYSTEMPATH\CodeIgniter.php(361): CodeIgniter\CodeIgniter->handleRequest(null, Object(Config\Cache), false)
 9 FCPATH\index.php(79): CodeIgniter\CodeIgniter->run()
10 SYSTEMPATH\Commands\Server\rewrite.php(47): require_once('C:\\xampp\\htdocs\\vscadmin\\public\\index.php')
INFO - 2025-02-07 07:07:03 --> Session: Class initialized using 'CodeIgniter\Session\Handlers\FileHandler' driver.
ERROR - 2025-02-07 12:37:03 --> mysqli_sql_exception: Unknown column 'branch' in 'field list' in C:\xampp\htdocs\vscadmin\vendor\codeigniter4\framework\system\Database\MySQLi\Connection.php:306
Stack trace:
#0 C:\xampp\htdocs\vscadmin\vendor\codeigniter4\framework\system\Database\MySQLi\Connection.php(306): mysqli->query('INSERT INTO `ca...', 0)
#1 C:\xampp\htdocs\vscadmin\vendor\codeigniter4\framework\system\Database\BaseConnection.php(693): CodeIgniter\Database\MySQLi\Connection->execute('INSERT INTO `ca...')
#2 C:\xampp\htdocs\vscadmin\vendor\codeigniter4\framework\system\Database\BaseConnection.php(607): CodeIgniter\Database\BaseConnection->simpleQuery('INSERT INTO `ca...')
#3 C:\xampp\htdocs\vscadmin\app\Models\CatModel.php(210): CodeIgniter\Database\BaseConnection->query('INSERT INTO `ca...')
#4 C:\xampp\htdocs\vscadmin\app\Controllers\Admin\Category\Category.php(139): App\Models\CatModel->save(Array)
#5 C:\xampp\htdocs\vscadmin\vendor\codeigniter4\framework\system\CodeIgniter.php(943): App\Controllers\Admin\Category\Category->listAllCategory_Form_save('13fa702a471a8b1...')
#6 C:\xampp\htdocs\vscadmin\vendor\codeigniter4\framework\system\CodeIgniter.php(503): CodeIgniter\CodeIgniter->runController(Object(App\Controllers\Admin\Category\Category))
#7 C:\xampp\htdocs\vscadmin\vendor\codeigniter4\framework\system\CodeIgniter.php(361): CodeIgniter\CodeIgniter->handleRequest(NULL, Object(Config\Cache), false)
#8 C:\xampp\htdocs\vscadmin\public\index.php(79): CodeIgniter\CodeIgniter->run()
#9 C:\xampp\htdocs\vscadmin\vendor\codeigniter4\framework\system\Commands\Server\rewrite.php(47): require_once('C:\\xampp\\htdocs...')
#10 {main}
CRITICAL - 2025-02-07 12:37:03 --> CodeIgniter\Database\Exceptions\DatabaseException: Unknown column 'branch' in 'field list'
in SYSTEMPATH\Database\BaseConnection.php on line 647.
 1 APPPATH\Models\CatModel.php(210): CodeIgniter\Database\BaseConnection->query('INSERT INTO `category`( `id`,`name`,`branch`,`completion`,`working`,`security_deposit`, 
        `recovery_status`,`invoice_no`,`bill_date`,`report_submit_date`,`submit_date`,`fee`,`audit`, 
        `assignment`,`status`,`created_at`) VALUES (null,
        \'\',\'\',\'\',\'\',\'\',\'\',\'\',
        \'\',\'\',\'\',\'\',\'\',\'\',\'Enable\',\'2025-02-07 12:37:03\')')
 2 APPPATH\Controllers\Admin\Category\Category.php(139): App\Models\CatModel->save([...])
 3 SYSTEMPATH\CodeIgniter.php(943): App\Controllers\Admin\Category\Category->listAllCategory_Form_save('13fa702a471a8b16af90248e4d802741')
 4 SYSTEMPATH\CodeIgniter.php(503): CodeIgniter\CodeIgniter->runController(Object(App\Controllers\Admin\Category\Category))
 5 SYSTEMPATH\CodeIgniter.php(361): CodeIgniter\CodeIgniter->handleRequest(null, Object(Config\Cache), false)
 6 FCPATH\index.php(79): CodeIgniter\CodeIgniter->run()
 7 SYSTEMPATH\Commands\Server\rewrite.php(47): require_once('C:\\xampp\\htdocs\\vscadmin\\public\\index.php')
CRITICAL - 2025-02-07 12:37:03 --> [Caused by] CodeIgniter\Database\Exceptions\DatabaseException: Unknown column 'branch' in 'field list'
in SYSTEMPATH\Database\MySQLi\Connection.php on line 311.
 1 SYSTEMPATH\Database\BaseConnection.php(693): CodeIgniter\Database\MySQLi\Connection->execute('INSERT INTO `category`( `id`,`name`,`branch`,`completion`,`working`,`security_deposit`, 
        `recovery_status`,`invoice_no`,`bill_date`,`report_submit_date`,`submit_date`,`fee`,`audit`, 
        `assignment`,`status`,`created_at`) VALUES (null,
        \'\',\'\',\'\',\'\',\'\',\'\',\'\',
        \'\',\'\',\'\',\'\',\'\',\'\',\'Enable\',\'2025-02-07 12:37:03\')')
 2 SYSTEMPATH\Database\BaseConnection.php(607): CodeIgniter\Database\BaseConnection->simpleQuery('INSERT INTO `category`( `id`,`name`,`branch`,`completion`,`working`,`security_deposit`, 
        `recovery_status`,`invoice_no`,`bill_date`,`report_submit_date`,`submit_date`,`fee`,`audit`, 
        `assignment`,`status`,`created_at`) VALUES (null,
        \'\',\'\',\'\',\'\',\'\',\'\',\'\',
        \'\',\'\',\'\',\'\',\'\',\'\',\'Enable\',\'2025-02-07 12:37:03\')')
 3 APPPATH\Models\CatModel.php(210): CodeIgniter\Database\BaseConnection->query('INSERT INTO `category`( `id`,`name`,`branch`,`completion`,`working`,`security_deposit`, 
        `recovery_status`,`invoice_no`,`bill_date`,`report_submit_date`,`submit_date`,`fee`,`audit`, 
        `assignment`,`status`,`created_at`) VALUES (null,
        \'\',\'\',\'\',\'\',\'\',\'\',\'\',
        \'\',\'\',\'\',\'\',\'\',\'\',\'Enable\',\'2025-02-07 12:37:03\')')
 4 APPPATH\Controllers\Admin\Category\Category.php(139): App\Models\CatModel->save([...])
 5 SYSTEMPATH\CodeIgniter.php(943): App\Controllers\Admin\Category\Category->listAllCategory_Form_save('13fa702a471a8b16af90248e4d802741')
 6 SYSTEMPATH\CodeIgniter.php(503): CodeIgniter\CodeIgniter->runController(Object(App\Controllers\Admin\Category\Category))
 7 SYSTEMPATH\CodeIgniter.php(361): CodeIgniter\CodeIgniter->handleRequest(null, Object(Config\Cache), false)
 8 FCPATH\index.php(79): CodeIgniter\CodeIgniter->run()
 9 SYSTEMPATH\Commands\Server\rewrite.php(47): require_once('C:\\xampp\\htdocs\\vscadmin\\public\\index.php')
CRITICAL - 2025-02-07 12:37:03 --> [Caused by] mysqli_sql_exception: Unknown column 'branch' in 'field list'
in SYSTEMPATH\Database\MySQLi\Connection.php on line 306.
 1 SYSTEMPATH\Database\MySQLi\Connection.php(306): mysqli->query('INSERT INTO `category`( `id`,`name`,`branch`,`completion`,`working`,`security_deposit`, 
        `recovery_status`,`invoice_no`,`bill_date`,`report_submit_date`,`submit_date`,`fee`,`audit`, 
        `assignment`,`status`,`created_at`) VALUES (null,
        \'\',\'\',\'\',\'\',\'\',\'\',\'\',
        \'\',\'\',\'\',\'\',\'\',\'\',\'Enable\',\'2025-02-07 12:37:03\')', 0)
 2 SYSTEMPATH\Database\BaseConnection.php(693): CodeIgniter\Database\MySQLi\Connection->execute('INSERT INTO `category`( `id`,`name`,`branch`,`completion`,`working`,`security_deposit`, 
        `recovery_status`,`invoice_no`,`bill_date`,`report_submit_date`,`submit_date`,`fee`,`audit`, 
        `assignment`,`status`,`created_at`) VALUES (null,
        \'\',\'\',\'\',\'\',\'\',\'\',\'\',
        \'\',\'\',\'\',\'\',\'\',\'\',\'Enable\',\'2025-02-07 12:37:03\')')
 3 SYSTEMPATH\Database\BaseConnection.php(607): CodeIgniter\Database\BaseConnection->simpleQuery('INSERT INTO `category`( `id`,`name`,`branch`,`completion`,`working`,`security_deposit`, 
        `recovery_status`,`invoice_no`,`bill_date`,`report_submit_date`,`submit_date`,`fee`,`audit`, 
        `assignment`,`status`,`created_at`) VALUES (null,
        \'\',\'\',\'\',\'\',\'\',\'\',\'\',
        \'\',\'\',\'\',\'\',\'\',\'\',\'Enable\',\'2025-02-07 12:37:03\')')
 4 APPPATH\Models\CatModel.php(210): CodeIgniter\Database\BaseConnection->query('INSERT INTO `category`( `id`,`name`,`branch`,`completion`,`working`,`security_deposit`, 
        `recovery_status`,`invoice_no`,`bill_date`,`report_submit_date`,`submit_date`,`fee`,`audit`, 
        `assignment`,`status`,`created_at`) VALUES (null,
        \'\',\'\',\'\',\'\',\'\',\'\',\'\',
        \'\',\'\',\'\',\'\',\'\',\'\',\'Enable\',\'2025-02-07 12:37:03\')')
 5 APPPATH\Controllers\Admin\Category\Category.php(139): App\Models\CatModel->save([...])
 6 SYSTEMPATH\CodeIgniter.php(943): App\Controllers\Admin\Category\Category->listAllCategory_Form_save('13fa702a471a8b16af90248e4d802741')
 7 SYSTEMPATH\CodeIgniter.php(503): CodeIgniter\CodeIgniter->runController(Object(App\Controllers\Admin\Category\Category))
 8 SYSTEMPATH\CodeIgniter.php(361): CodeIgniter\CodeIgniter->handleRequest(null, Object(Config\Cache), false)
 9 FCPATH\index.php(79): CodeIgniter\CodeIgniter->run()
10 SYSTEMPATH\Commands\Server\rewrite.php(47): require_once('C:\\xampp\\htdocs\\vscadmin\\public\\index.php')
INFO - 2025-02-07 07:13:18 --> Session: Class initialized using 'CodeIgniter\Session\Handlers\FileHandler' driver.
ERROR - 2025-02-07 12:43:18 --> mysqli_sql_exception: Unknown column 'branch' in 'field list' in C:\xampp\htdocs\vscadmin\vendor\codeigniter4\framework\system\Database\MySQLi\Connection.php:306
Stack trace:
#0 C:\xampp\htdocs\vscadmin\vendor\codeigniter4\framework\system\Database\MySQLi\Connection.php(306): mysqli->query('INSERT INTO `ca...', 0)
#1 C:\xampp\htdocs\vscadmin\vendor\codeigniter4\framework\system\Database\BaseConnection.php(693): CodeIgniter\Database\MySQLi\Connection->execute('INSERT INTO `ca...')
#2 C:\xampp\htdocs\vscadmin\vendor\codeigniter4\framework\system\Database\BaseConnection.php(607): CodeIgniter\Database\BaseConnection->simpleQuery('INSERT INTO `ca...')
#3 C:\xampp\htdocs\vscadmin\app\Models\CatModel.php(208): CodeIgniter\Database\BaseConnection->query('INSERT INTO `ca...')
#4 C:\xampp\htdocs\vscadmin\app\Controllers\Admin\Category\Category.php(139): App\Models\CatModel->save(Array)
#5 C:\xampp\htdocs\vscadmin\vendor\codeigniter4\framework\system\CodeIgniter.php(943): App\Controllers\Admin\Category\Category->listAllCategory_Form_save('13fa702a471a8b1...')
#6 C:\xampp\htdocs\vscadmin\vendor\codeigniter4\framework\system\CodeIgniter.php(503): CodeIgniter\CodeIgniter->runController(Object(App\Controllers\Admin\Category\Category))
#7 C:\xampp\htdocs\vscadmin\vendor\codeigniter4\framework\system\CodeIgniter.php(361): CodeIgniter\CodeIgniter->handleRequest(NULL, Object(Config\Cache), false)
#8 C:\xampp\htdocs\vscadmin\public\index.php(79): CodeIgniter\CodeIgniter->run()
#9 C:\xampp\htdocs\vscadmin\vendor\codeigniter4\framework\system\Commands\Server\rewrite.php(47): require_once('C:\\xampp\\htdocs...')
#10 {main}
CRITICAL - 2025-02-07 12:43:18 --> CodeIgniter\Database\Exceptions\DatabaseException: Unknown column 'branch' in 'field list'
in SYSTEMPATH\Database\BaseConnection.php on line 647.
 1 APPPATH\Models\CatModel.php(208): CodeIgniter\Database\BaseConnection->query('INSERT INTO `category`( `id`,`name`,`branch`,`completion`,`working`,`security_deposit`, 
        `recovery_status`,`invoice_no`,`bill_date`,`report_submit_date`,`submit_date`,`fee`,`audit`, 
        `assignment`,`status`,`created_at`) VALUES (null,\'\',\'\',\'\',\'\',\'\',\'\',\'\',\'\',\'\',\'\',\'\',\'\',\'\',\'Enable\',\'2025-02-07 12:43:18\')')
 2 APPPATH\Controllers\Admin\Category\Category.php(139): App\Models\CatModel->save([...])
 3 SYSTEMPATH\CodeIgniter.php(943): App\Controllers\Admin\Category\Category->listAllCategory_Form_save('13fa702a471a8b16af90248e4d802741')
 4 SYSTEMPATH\CodeIgniter.php(503): CodeIgniter\CodeIgniter->runController(Object(App\Controllers\Admin\Category\Category))
 5 SYSTEMPATH\CodeIgniter.php(361): CodeIgniter\CodeIgniter->handleRequest(null, Object(Config\Cache), false)
 6 FCPATH\index.php(79): CodeIgniter\CodeIgniter->run()
 7 SYSTEMPATH\Commands\Server\rewrite.php(47): require_once('C:\\xampp\\htdocs\\vscadmin\\public\\index.php')
CRITICAL - 2025-02-07 12:43:18 --> [Caused by] CodeIgniter\Database\Exceptions\DatabaseException: Unknown column 'branch' in 'field list'
in SYSTEMPATH\Database\MySQLi\Connection.php on line 311.
 1 SYSTEMPATH\Database\BaseConnection.php(693): CodeIgniter\Database\MySQLi\Connection->execute('INSERT INTO `category`( `id`,`name`,`branch`,`completion`,`working`,`security_deposit`, 
        `recovery_status`,`invoice_no`,`bill_date`,`report_submit_date`,`submit_date`,`fee`,`audit`, 
        `assignment`,`status`,`created_at`) VALUES (null,\'\',\'\',\'\',\'\',\'\',\'\',\'\',\'\',\'\',\'\',\'\',\'\',\'\',\'Enable\',\'2025-02-07 12:43:18\')')
 2 SYSTEMPATH\Database\BaseConnection.php(607): CodeIgniter\Database\BaseConnection->simpleQuery('INSERT INTO `category`( `id`,`name`,`branch`,`completion`,`working`,`security_deposit`, 
        `recovery_status`,`invoice_no`,`bill_date`,`report_submit_date`,`submit_date`,`fee`,`audit`, 
        `assignment`,`status`,`created_at`) VALUES (null,\'\',\'\',\'\',\'\',\'\',\'\',\'\',\'\',\'\',\'\',\'\',\'\',\'\',\'Enable\',\'2025-02-07 12:43:18\')')
 3 APPPATH\Models\CatModel.php(208): CodeIgniter\Database\BaseConnection->query('INSERT INTO `category`( `id`,`name`,`branch`,`completion`,`working`,`security_deposit`, 
        `recovery_status`,`invoice_no`,`bill_date`,`report_submit_date`,`submit_date`,`fee`,`audit`, 
        `assignment`,`status`,`created_at`) VALUES (null,\'\',\'\',\'\',\'\',\'\',\'\',\'\',\'\',\'\',\'\',\'\',\'\',\'\',\'Enable\',\'2025-02-07 12:43:18\')')
 4 APPPATH\Controllers\Admin\Category\Category.php(139): App\Models\CatModel->save([...])
 5 SYSTEMPATH\CodeIgniter.php(943): App\Controllers\Admin\Category\Category->listAllCategory_Form_save('13fa702a471a8b16af90248e4d802741')
 6 SYSTEMPATH\CodeIgniter.php(503): CodeIgniter\CodeIgniter->runController(Object(App\Controllers\Admin\Category\Category))
 7 SYSTEMPATH\CodeIgniter.php(361): CodeIgniter\CodeIgniter->handleRequest(null, Object(Config\Cache), false)
 8 FCPATH\index.php(79): CodeIgniter\CodeIgniter->run()
 9 SYSTEMPATH\Commands\Server\rewrite.php(47): require_once('C:\\xampp\\htdocs\\vscadmin\\public\\index.php')
CRITICAL - 2025-02-07 12:43:18 --> [Caused by] mysqli_sql_exception: Unknown column 'branch' in 'field list'
in SYSTEMPATH\Database\MySQLi\Connection.php on line 306.
 1 SYSTEMPATH\Database\MySQLi\Connection.php(306): mysqli->query('INSERT INTO `category`( `id`,`name`,`branch`,`completion`,`working`,`security_deposit`, 
        `recovery_status`,`invoice_no`,`bill_date`,`report_submit_date`,`submit_date`,`fee`,`audit`, 
        `assignment`,`status`,`created_at`) VALUES (null,\'\',\'\',\'\',\'\',\'\',\'\',\'\',\'\',\'\',\'\',\'\',\'\',\'\',\'Enable\',\'2025-02-07 12:43:18\')', 0)
 2 SYSTEMPATH\Database\BaseConnection.php(693): CodeIgniter\Database\MySQLi\Connection->execute('INSERT INTO `category`( `id`,`name`,`branch`,`completion`,`working`,`security_deposit`, 
        `recovery_status`,`invoice_no`,`bill_date`,`report_submit_date`,`submit_date`,`fee`,`audit`, 
        `assignment`,`status`,`created_at`) VALUES (null,\'\',\'\',\'\',\'\',\'\',\'\',\'\',\'\',\'\',\'\',\'\',\'\',\'\',\'Enable\',\'2025-02-07 12:43:18\')')
 3 SYSTEMPATH\Database\BaseConnection.php(607): CodeIgniter\Database\BaseConnection->simpleQuery('INSERT INTO `category`( `id`,`name`,`branch`,`completion`,`working`,`security_deposit`, 
        `recovery_status`,`invoice_no`,`bill_date`,`report_submit_date`,`submit_date`,`fee`,`audit`, 
        `assignment`,`status`,`created_at`) VALUES (null,\'\',\'\',\'\',\'\',\'\',\'\',\'\',\'\',\'\',\'\',\'\',\'\',\'\',\'Enable\',\'2025-02-07 12:43:18\')')
 4 APPPATH\Models\CatModel.php(208): CodeIgniter\Database\BaseConnection->query('INSERT INTO `category`( `id`,`name`,`branch`,`completion`,`working`,`security_deposit`, 
        `recovery_status`,`invoice_no`,`bill_date`,`report_submit_date`,`submit_date`,`fee`,`audit`, 
        `assignment`,`status`,`created_at`) VALUES (null,\'\',\'\',\'\',\'\',\'\',\'\',\'\',\'\',\'\',\'\',\'\',\'\',\'\',\'Enable\',\'2025-02-07 12:43:18\')')
 5 APPPATH\Controllers\Admin\Category\Category.php(139): App\Models\CatModel->save([...])
 6 SYSTEMPATH\CodeIgniter.php(943): App\Controllers\Admin\Category\Category->listAllCategory_Form_save('13fa702a471a8b16af90248e4d802741')
 7 SYSTEMPATH\CodeIgniter.php(503): CodeIgniter\CodeIgniter->runController(Object(App\Controllers\Admin\Category\Category))
 8 SYSTEMPATH\CodeIgniter.php(361): CodeIgniter\CodeIgniter->handleRequest(null, Object(Config\Cache), false)
 9 FCPATH\index.php(79): CodeIgniter\CodeIgniter->run()
10 SYSTEMPATH\Commands\Server\rewrite.php(47): require_once('C:\\xampp\\htdocs\\vscadmin\\public\\index.php')
INFO - 2025-02-07 07:13:22 --> Session: Class initialized using 'CodeIgniter\Session\Handlers\FileHandler' driver.
INFO - 2025-02-07 07:14:56 --> Session: Class initialized using 'CodeIgniter\Session\Handlers\FileHandler' driver.
INFO - 2025-02-07 07:15:08 --> Session: Class initialized using 'CodeIgniter\Session\Handlers\FileHandler' driver.
INFO - 2025-02-07 07:16:33 --> Session: Class initialized using 'CodeIgniter\Session\Handlers\FileHandler' driver.
INFO - 2025-02-07 07:16:54 --> Session: Class initialized using 'CodeIgniter\Session\Handlers\FileHandler' driver.
INFO - 2025-02-07 07:17:10 --> Session: Class initialized using 'CodeIgniter\Session\Handlers\FileHandler' driver.
ERROR - 2025-02-07 12:47:10 --> mysqli_sql_exception: Unknown column 'branch' in 'field list' in C:\xampp\htdocs\vscadmin\vendor\codeigniter4\framework\system\Database\MySQLi\Connection.php:306
Stack trace:
#0 C:\xampp\htdocs\vscadmin\vendor\codeigniter4\framework\system\Database\MySQLi\Connection.php(306): mysqli->query('INSERT INTO `ca...', 0)
#1 C:\xampp\htdocs\vscadmin\vendor\codeigniter4\framework\system\Database\BaseConnection.php(693): CodeIgniter\Database\MySQLi\Connection->execute('INSERT INTO `ca...')
#2 C:\xampp\htdocs\vscadmin\vendor\codeigniter4\framework\system\Database\BaseConnection.php(607): CodeIgniter\Database\BaseConnection->simpleQuery('INSERT INTO `ca...')
#3 C:\xampp\htdocs\vscadmin\app\Models\CatModel.php(208): CodeIgniter\Database\BaseConnection->query('INSERT INTO `ca...')
#4 C:\xampp\htdocs\vscadmin\app\Controllers\Admin\Category\Category.php(139): App\Models\CatModel->save(Array)
#5 C:\xampp\htdocs\vscadmin\vendor\codeigniter4\framework\system\CodeIgniter.php(943): App\Controllers\Admin\Category\Category->listAllCategory_Form_save('13fa702a471a8b1...')
#6 C:\xampp\htdocs\vscadmin\vendor\codeigniter4\framework\system\CodeIgniter.php(503): CodeIgniter\CodeIgniter->runController(Object(App\Controllers\Admin\Category\Category))
#7 C:\xampp\htdocs\vscadmin\vendor\codeigniter4\framework\system\CodeIgniter.php(361): CodeIgniter\CodeIgniter->handleRequest(NULL, Object(Config\Cache), false)
#8 C:\xampp\htdocs\vscadmin\public\index.php(79): CodeIgniter\CodeIgniter->run()
#9 C:\xampp\htdocs\vscadmin\vendor\codeigniter4\framework\system\Commands\Server\rewrite.php(47): require_once('C:\\xampp\\htdocs...')
#10 {main}
CRITICAL - 2025-02-07 12:47:10 --> CodeIgniter\Database\Exceptions\DatabaseException: Unknown column 'branch' in 'field list'
in SYSTEMPATH\Database\BaseConnection.php on line 647.
 1 APPPATH\Models\CatModel.php(208): CodeIgniter\Database\BaseConnection->query('INSERT INTO `category`( `id`,`name`,`branch`,`completion`,`working`,`security_deposit`, 
        `recovery_status`,`invoice_no`,`bill_date`,`report_submit_date`,`submit_date`,`fee`,`audit`, 
        `assignment`,`status`,`created_at`) VALUES (null,\'test\',\'tegd\',\'gnd\',\'gnhd\',\'gdn\',\'dnhgf\',\'n\',\'nd\',\'ndf\',\'nfdgf\',\'n\',\'dn\',\'dcn\',\'Enable\',\'2025-02-07 12:47:10\')')
 2 APPPATH\Controllers\Admin\Category\Category.php(139): App\Models\CatModel->save([...])
 3 SYSTEMPATH\CodeIgniter.php(943): App\Controllers\Admin\Category\Category->listAllCategory_Form_save('13fa702a471a8b16af90248e4d802741')
 4 SYSTEMPATH\CodeIgniter.php(503): CodeIgniter\CodeIgniter->runController(Object(App\Controllers\Admin\Category\Category))
 5 SYSTEMPATH\CodeIgniter.php(361): CodeIgniter\CodeIgniter->handleRequest(null, Object(Config\Cache), false)
 6 FCPATH\index.php(79): CodeIgniter\CodeIgniter->run()
 7 SYSTEMPATH\Commands\Server\rewrite.php(47): require_once('C:\\xampp\\htdocs\\vscadmin\\public\\index.php')
CRITICAL - 2025-02-07 12:47:10 --> [Caused by] CodeIgniter\Database\Exceptions\DatabaseException: Unknown column 'branch' in 'field list'
in SYSTEMPATH\Database\MySQLi\Connection.php on line 311.
 1 SYSTEMPATH\Database\BaseConnection.php(693): CodeIgniter\Database\MySQLi\Connection->execute('INSERT INTO `category`( `id`,`name`,`branch`,`completion`,`working`,`security_deposit`, 
        `recovery_status`,`invoice_no`,`bill_date`,`report_submit_date`,`submit_date`,`fee`,`audit`, 
        `assignment`,`status`,`created_at`) VALUES (null,\'test\',\'tegd\',\'gnd\',\'gnhd\',\'gdn\',\'dnhgf\',\'n\',\'nd\',\'ndf\',\'nfdgf\',\'n\',\'dn\',\'dcn\',\'Enable\',\'2025-02-07 12:47:10\')')
 2 SYSTEMPATH\Database\BaseConnection.php(607): CodeIgniter\Database\BaseConnection->simpleQuery('INSERT INTO `category`( `id`,`name`,`branch`,`completion`,`working`,`security_deposit`, 
        `recovery_status`,`invoice_no`,`bill_date`,`report_submit_date`,`submit_date`,`fee`,`audit`, 
        `assignment`,`status`,`created_at`) VALUES (null,\'test\',\'tegd\',\'gnd\',\'gnhd\',\'gdn\',\'dnhgf\',\'n\',\'nd\',\'ndf\',\'nfdgf\',\'n\',\'dn\',\'dcn\',\'Enable\',\'2025-02-07 12:47:10\')')
 3 APPPATH\Models\CatModel.php(208): CodeIgniter\Database\BaseConnection->query('INSERT INTO `category`( `id`,`name`,`branch`,`completion`,`working`,`security_deposit`, 
        `recovery_status`,`invoice_no`,`bill_date`,`report_submit_date`,`submit_date`,`fee`,`audit`, 
        `assignment`,`status`,`created_at`) VALUES (null,\'test\',\'tegd\',\'gnd\',\'gnhd\',\'gdn\',\'dnhgf\',\'n\',\'nd\',\'ndf\',\'nfdgf\',\'n\',\'dn\',\'dcn\',\'Enable\',\'2025-02-07 12:47:10\')')
 4 APPPATH\Controllers\Admin\Category\Category.php(139): App\Models\CatModel->save([...])
 5 SYSTEMPATH\CodeIgniter.php(943): App\Controllers\Admin\Category\Category->listAllCategory_Form_save('13fa702a471a8b16af90248e4d802741')
 6 SYSTEMPATH\CodeIgniter.php(503): CodeIgniter\CodeIgniter->runController(Object(App\Controllers\Admin\Category\Category))
 7 SYSTEMPATH\CodeIgniter.php(361): CodeIgniter\CodeIgniter->handleRequest(null, Object(Config\Cache), false)
 8 FCPATH\index.php(79): CodeIgniter\CodeIgniter->run()
 9 SYSTEMPATH\Commands\Server\rewrite.php(47): require_once('C:\\xampp\\htdocs\\vscadmin\\public\\index.php')
CRITICAL - 2025-02-07 12:47:10 --> [Caused by] mysqli_sql_exception: Unknown column 'branch' in 'field list'
in SYSTEMPATH\Database\MySQLi\Connection.php on line 306.
 1 SYSTEMPATH\Database\MySQLi\Connection.php(306): mysqli->query('INSERT INTO `category`( `id`,`name`,`branch`,`completion`,`working`,`security_deposit`, 
        `recovery_status`,`invoice_no`,`bill_date`,`report_submit_date`,`submit_date`,`fee`,`audit`, 
        `assignment`,`status`,`created_at`) VALUES (null,\'test\',\'tegd\',\'gnd\',\'gnhd\',\'gdn\',\'dnhgf\',\'n\',\'nd\',\'ndf\',\'nfdgf\',\'n\',\'dn\',\'dcn\',\'Enable\',\'2025-02-07 12:47:10\')', 0)
 2 SYSTEMPATH\Database\BaseConnection.php(693): CodeIgniter\Database\MySQLi\Connection->execute('INSERT INTO `category`( `id`,`name`,`branch`,`completion`,`working`,`security_deposit`, 
        `recovery_status`,`invoice_no`,`bill_date`,`report_submit_date`,`submit_date`,`fee`,`audit`, 
        `assignment`,`status`,`created_at`) VALUES (null,\'test\',\'tegd\',\'gnd\',\'gnhd\',\'gdn\',\'dnhgf\',\'n\',\'nd\',\'ndf\',\'nfdgf\',\'n\',\'dn\',\'dcn\',\'Enable\',\'2025-02-07 12:47:10\')')
 3 SYSTEMPATH\Database\BaseConnection.php(607): CodeIgniter\Database\BaseConnection->simpleQuery('INSERT INTO `category`( `id`,`name`,`branch`,`completion`,`working`,`security_deposit`, 
        `recovery_status`,`invoice_no`,`bill_date`,`report_submit_date`,`submit_date`,`fee`,`audit`, 
        `assignment`,`status`,`created_at`) VALUES (null,\'test\',\'tegd\',\'gnd\',\'gnhd\',\'gdn\',\'dnhgf\',\'n\',\'nd\',\'ndf\',\'nfdgf\',\'n\',\'dn\',\'dcn\',\'Enable\',\'2025-02-07 12:47:10\')')
 4 APPPATH\Models\CatModel.php(208): CodeIgniter\Database\BaseConnection->query('INSERT INTO `category`( `id`,`name`,`branch`,`completion`,`working`,`security_deposit`, 
        `recovery_status`,`invoice_no`,`bill_date`,`report_submit_date`,`submit_date`,`fee`,`audit`, 
        `assignment`,`status`,`created_at`) VALUES (null,\'test\',\'tegd\',\'gnd\',\'gnhd\',\'gdn\',\'dnhgf\',\'n\',\'nd\',\'ndf\',\'nfdgf\',\'n\',\'dn\',\'dcn\',\'Enable\',\'2025-02-07 12:47:10\')')
 5 APPPATH\Controllers\Admin\Category\Category.php(139): App\Models\CatModel->save([...])
 6 SYSTEMPATH\CodeIgniter.php(943): App\Controllers\Admin\Category\Category->listAllCategory_Form_save('13fa702a471a8b16af90248e4d802741')
 7 SYSTEMPATH\CodeIgniter.php(503): CodeIgniter\CodeIgniter->runController(Object(App\Controllers\Admin\Category\Category))
 8 SYSTEMPATH\CodeIgniter.php(361): CodeIgniter\CodeIgniter->handleRequest(null, Object(Config\Cache), false)
 9 FCPATH\index.php(79): CodeIgniter\CodeIgniter->run()
10 SYSTEMPATH\Commands\Server\rewrite.php(47): require_once('C:\\xampp\\htdocs\\vscadmin\\public\\index.php')
INFO - 2025-02-07 07:19:25 --> Session: Class initialized using 'CodeIgniter\Session\Handlers\FileHandler' driver.
INFO - 2025-02-07 07:19:25 --> Session: Class initialized using 'CodeIgniter\Session\Handlers\FileHandler' driver.
CRITICAL - 2025-02-07 07:19:25 --> ErrorException: Undefined property: stdClass::$dis
in APPPATH\Views\admin\catalog\category_list.php on line 141.
 1 APPPATH\Views\admin\catalog\category_list.php(141): CodeIgniter\Debug\Exceptions->errorHandler(2, 'Undefined property: stdClass::$dis', 'C:\\xampp\\htdocs\\vscadmin\\app\\Views\\admin\\catalog\\category_list.php', 141)
 2 SYSTEMPATH\View\View.php(228): include('C:\\xampp\\htdocs\\vscadmin\\app\\Views\\admin\\catalog\\category_list.php')
 3 SYSTEMPATH\View\View.php(231): CodeIgniter\View\View->CodeIgniter\View\{closure}()
 4 SYSTEMPATH\Common.php(1178): CodeIgniter\View\View->render('admin/catalog/category_list', [], true)
 5 APPPATH\Controllers\Admin\Category\Category.php(61): view('admin/catalog/category_list', [...])
 6 SYSTEMPATH\CodeIgniter.php(943): App\Controllers\Admin\Category\Category->listAllCategory('13fa702a471a8b16af90248e4d802741')
 7 SYSTEMPATH\CodeIgniter.php(503): CodeIgniter\CodeIgniter->runController(Object(App\Controllers\Admin\Category\Category))
 8 SYSTEMPATH\CodeIgniter.php(361): CodeIgniter\CodeIgniter->handleRequest(null, Object(Config\Cache), false)
 9 FCPATH\index.php(79): CodeIgniter\CodeIgniter->run()
10 SYSTEMPATH\Commands\Server\rewrite.php(47): require_once('C:\\xampp\\htdocs\\vscadmin\\public\\index.php')
INFO - 2025-02-07 07:19:52 --> Session: Class initialized using 'CodeIgniter\Session\Handlers\FileHandler' driver.
CRITICAL - 2025-02-07 07:19:52 --> ErrorException: Undefined property: stdClass::$barnch
in APPPATH\Views\admin\catalog\category_list.php on line 141.
 1 APPPATH\Views\admin\catalog\category_list.php(141): CodeIgniter\Debug\Exceptions->errorHandler(2, 'Undefined property: stdClass::$barnch', 'C:\\xampp\\htdocs\\vscadmin\\app\\Views\\admin\\catalog\\category_list.php', 141)
 2 SYSTEMPATH\View\View.php(228): include('C:\\xampp\\htdocs\\vscadmin\\app\\Views\\admin\\catalog\\category_list.php')
 3 SYSTEMPATH\View\View.php(231): CodeIgniter\View\View->CodeIgniter\View\{closure}()
 4 SYSTEMPATH\Common.php(1178): CodeIgniter\View\View->render('admin/catalog/category_list', [], true)
 5 APPPATH\Controllers\Admin\Category\Category.php(61): view('admin/catalog/category_list', [...])
 6 SYSTEMPATH\CodeIgniter.php(943): App\Controllers\Admin\Category\Category->listAllCategory('13fa702a471a8b16af90248e4d802741')
 7 SYSTEMPATH\CodeIgniter.php(503): CodeIgniter\CodeIgniter->runController(Object(App\Controllers\Admin\Category\Category))
 8 SYSTEMPATH\CodeIgniter.php(361): CodeIgniter\CodeIgniter->handleRequest(null, Object(Config\Cache), false)
 9 FCPATH\index.php(79): CodeIgniter\CodeIgniter->run()
10 SYSTEMPATH\Commands\Server\rewrite.php(47): require_once('C:\\xampp\\htdocs\\vscadmin\\public\\index.php')
INFO - 2025-02-07 07:20:02 --> Session: Class initialized using 'CodeIgniter\Session\Handlers\FileHandler' driver.
INFO - 2025-02-07 07:20:13 --> Session: Class initialized using 'CodeIgniter\Session\Handlers\FileHandler' driver.
INFO - 2025-02-07 07:20:14 --> Session: Class initialized using 'CodeIgniter\Session\Handlers\FileHandler' driver.
INFO - 2025-02-07 07:20:17 --> Session: Class initialized using 'CodeIgniter\Session\Handlers\FileHandler' driver.
INFO - 2025-02-07 07:20:18 --> Session: Class initialized using 'CodeIgniter\Session\Handlers\FileHandler' driver.
INFO - 2025-02-07 07:20:24 --> Session: Class initialized using 'CodeIgniter\Session\Handlers\FileHandler' driver.
INFO - 2025-02-07 07:20:24 --> Session: Class initialized using 'CodeIgniter\Session\Handlers\FileHandler' driver.
INFO - 2025-02-07 07:20:28 --> Session: Class initialized using 'CodeIgniter\Session\Handlers\FileHandler' driver.
INFO - 2025-02-07 07:20:29 --> Session: Class initialized using 'CodeIgniter\Session\Handlers\FileHandler' driver.
INFO - 2025-02-07 07:20:33 --> Session: Class initialized using 'CodeIgniter\Session\Handlers\FileHandler' driver.
INFO - 2025-02-07 07:20:33 --> Session: Class initialized using 'CodeIgniter\Session\Handlers\FileHandler' driver.
INFO - 2025-02-07 07:21:12 --> Session: Class initialized using 'CodeIgniter\Session\Handlers\FileHandler' driver.
INFO - 2025-02-07 07:21:22 --> Session: Class initialized using 'CodeIgniter\Session\Handlers\FileHandler' driver.
INFO - 2025-02-07 07:21:23 --> Session: Class initialized using 'CodeIgniter\Session\Handlers\FileHandler' driver.
INFO - 2025-02-07 07:21:27 --> Session: Class initialized using 'CodeIgniter\Session\Handlers\FileHandler' driver.
INFO - 2025-02-07 07:21:27 --> Session: Class initialized using 'CodeIgniter\Session\Handlers\FileHandler' driver.
INFO - 2025-02-07 07:21:40 --> Session: Class initialized using 'CodeIgniter\Session\Handlers\FileHandler' driver.
CRITICAL - 2025-02-07 07:21:41 --> ErrorException: Undefined property: stdClass::$dis
in APPPATH\Views\admin\catalog\category_form2.php on line 63.
 1 APPPATH\Views\admin\catalog\category_form2.php(63): CodeIgniter\Debug\Exceptions->errorHandler(2, 'Undefined property: stdClass::$dis', 'C:\\xampp\\htdocs\\vscadmin\\app\\Views\\admin\\catalog\\category_form2.php', 63)
 2 SYSTEMPATH\View\View.php(228): include('C:\\xampp\\htdocs\\vscadmin\\app\\Views\\admin\\catalog\\category_form2.php')
 3 SYSTEMPATH\View\View.php(231): CodeIgniter\View\View->CodeIgniter\View\{closure}()
 4 SYSTEMPATH\Common.php(1178): CodeIgniter\View\View->render('admin/catalog/category_form2', [], true)
 5 APPPATH\Controllers\Admin\Category\Category.php(191): view('admin/catalog/category_form2', [...])
 6 SYSTEMPATH\CodeIgniter.php(943): App\Controllers\Admin\Category\Category->listAllcat_Form_value('12')
 7 SYSTEMPATH\CodeIgniter.php(503): CodeIgniter\CodeIgniter->runController(Object(App\Controllers\Admin\Category\Category))
 8 SYSTEMPATH\CodeIgniter.php(361): CodeIgniter\CodeIgniter->handleRequest(null, Object(Config\Cache), false)
 9 FCPATH\index.php(79): CodeIgniter\CodeIgniter->run()
10 SYSTEMPATH\Commands\Server\rewrite.php(47): require_once('C:\\xampp\\htdocs\\vscadmin\\public\\index.php')
INFO - 2025-02-07 07:23:05 --> Session: Class initialized using 'CodeIgniter\Session\Handlers\FileHandler' driver.
INFO - 2025-02-07 07:24:57 --> Session: Class initialized using 'CodeIgniter\Session\Handlers\FileHandler' driver.
INFO - 2025-02-07 07:25:14 --> Session: Class initialized using 'CodeIgniter\Session\Handlers\FileHandler' driver.
CRITICAL - 2025-02-07 07:25:14 --> ErrorException: Undefined variable $name
in APPPATH\Views\admin\catalog\category_form2.php on line 47.
 1 APPPATH\Views\admin\catalog\category_form2.php(47): CodeIgniter\Debug\Exceptions->errorHandler(2, 'Undefined variable $name', 'C:\\xampp\\htdocs\\vscadmin\\app\\Views\\admin\\catalog\\category_form2.php', 47)
 2 SYSTEMPATH\View\View.php(228): include('C:\\xampp\\htdocs\\vscadmin\\app\\Views\\admin\\catalog\\category_form2.php')
 3 SYSTEMPATH\View\View.php(231): CodeIgniter\View\View->CodeIgniter\View\{closure}()
 4 SYSTEMPATH\Common.php(1178): CodeIgniter\View\View->render('admin/catalog/category_form2', [], true)
 5 APPPATH\Controllers\Admin\Category\Category.php(191): view('admin/catalog/category_form2', [...])
 6 SYSTEMPATH\CodeIgniter.php(943): App\Controllers\Admin\Category\Category->listAllcat_Form_value('12')
 7 SYSTEMPATH\CodeIgniter.php(503): CodeIgniter\CodeIgniter->runController(Object(App\Controllers\Admin\Category\Category))
 8 SYSTEMPATH\CodeIgniter.php(361): CodeIgniter\CodeIgniter->handleRequest(null, Object(Config\Cache), false)
 9 FCPATH\index.php(79): CodeIgniter\CodeIgniter->run()
10 SYSTEMPATH\Commands\Server\rewrite.php(47): require_once('C:\\xampp\\htdocs\\vscadmin\\public\\index.php')
INFO - 2025-02-07 07:36:47 --> Session: Class initialized using 'CodeIgniter\Session\Handlers\FileHandler' driver.
CRITICAL - 2025-02-07 07:36:47 --> ParseError: syntax error, unexpected token "="
in APPPATH\Views\admin\catalog\category_form2.php on line 1.
 1 SYSTEMPATH\View\View.php(231): CodeIgniter\View\View->CodeIgniter\View\{closure}()
 2 SYSTEMPATH\Common.php(1178): CodeIgniter\View\View->render('admin/catalog/category_form2', [], true)
 3 APPPATH\Controllers\Admin\Category\Category.php(191): view('admin/catalog/category_form2', [...])
 4 SYSTEMPATH\CodeIgniter.php(943): App\Controllers\Admin\Category\Category->listAllcat_Form_value('12')
 5 SYSTEMPATH\CodeIgniter.php(503): CodeIgniter\CodeIgniter->runController(Object(App\Controllers\Admin\Category\Category))
 6 SYSTEMPATH\CodeIgniter.php(361): CodeIgniter\CodeIgniter->handleRequest(null, Object(Config\Cache), false)
 7 FCPATH\index.php(79): CodeIgniter\CodeIgniter->run()
 8 SYSTEMPATH\Commands\Server\rewrite.php(47): require_once('C:\\xampp\\htdocs\\vscadmin\\public\\index.php')
INFO - 2025-02-07 07:37:12 --> Session: Class initialized using 'CodeIgniter\Session\Handlers\FileHandler' driver.
CRITICAL - 2025-02-07 07:37:12 --> ErrorException: Undefined variable $id
in APPPATH\Views\admin\catalog\category_form2.php on line 45.
 1 APPPATH\Views\admin\catalog\category_form2.php(45): CodeIgniter\Debug\Exceptions->errorHandler(2, 'Undefined variable $id', 'C:\\xampp\\htdocs\\vscadmin\\app\\Views\\admin\\catalog\\category_form2.php', 45)
 2 SYSTEMPATH\View\View.php(228): include('C:\\xampp\\htdocs\\vscadmin\\app\\Views\\admin\\catalog\\category_form2.php')
 3 SYSTEMPATH\View\View.php(231): CodeIgniter\View\View->CodeIgniter\View\{closure}()
 4 SYSTEMPATH\Common.php(1178): CodeIgniter\View\View->render('admin/catalog/category_form2', [], true)
 5 APPPATH\Controllers\Admin\Category\Category.php(191): view('admin/catalog/category_form2', [...])
 6 SYSTEMPATH\CodeIgniter.php(943): App\Controllers\Admin\Category\Category->listAllcat_Form_value('12')
 7 SYSTEMPATH\CodeIgniter.php(503): CodeIgniter\CodeIgniter->runController(Object(App\Controllers\Admin\Category\Category))
 8 SYSTEMPATH\CodeIgniter.php(361): CodeIgniter\CodeIgniter->handleRequest(null, Object(Config\Cache), false)
 9 FCPATH\index.php(79): CodeIgniter\CodeIgniter->run()
10 SYSTEMPATH\Commands\Server\rewrite.php(47): require_once('C:\\xampp\\htdocs\\vscadmin\\public\\index.php')
INFO - 2025-02-07 07:38:34 --> Session: Class initialized using 'CodeIgniter\Session\Handlers\FileHandler' driver.
CRITICAL - 2025-02-07 07:38:34 --> ErrorException: Undefined variable $id
in APPPATH\Views\admin\catalog\category_form2.php on line 45.
 1 APPPATH\Views\admin\catalog\category_form2.php(45): CodeIgniter\Debug\Exceptions->errorHandler(2, 'Undefined variable $id', 'C:\\xampp\\htdocs\\vscadmin\\app\\Views\\admin\\catalog\\category_form2.php', 45)
 2 SYSTEMPATH\View\View.php(228): include('C:\\xampp\\htdocs\\vscadmin\\app\\Views\\admin\\catalog\\category_form2.php')
 3 SYSTEMPATH\View\View.php(231): CodeIgniter\View\View->CodeIgniter\View\{closure}()
 4 SYSTEMPATH\Common.php(1178): CodeIgniter\View\View->render('admin/catalog/category_form2', [], true)
 5 APPPATH\Controllers\Admin\Category\Category.php(191): view('admin/catalog/category_form2', [...])
 6 SYSTEMPATH\CodeIgniter.php(943): App\Controllers\Admin\Category\Category->listAllcat_Form_value('12')
 7 SYSTEMPATH\CodeIgniter.php(503): CodeIgniter\CodeIgniter->runController(Object(App\Controllers\Admin\Category\Category))
 8 SYSTEMPATH\CodeIgniter.php(361): CodeIgniter\CodeIgniter->handleRequest(null, Object(Config\Cache), false)
 9 FCPATH\index.php(79): CodeIgniter\CodeIgniter->run()
10 SYSTEMPATH\Commands\Server\rewrite.php(47): require_once('C:\\xampp\\htdocs\\vscadmin\\public\\index.php')
INFO - 2025-02-07 07:38:44 --> Session: Class initialized using 'CodeIgniter\Session\Handlers\FileHandler' driver.
INFO - 2025-02-07 07:39:34 --> Session: Class initialized using 'CodeIgniter\Session\Handlers\FileHandler' driver.
INFO - 2025-02-07 07:40:15 --> Session: Class initialized using 'CodeIgniter\Session\Handlers\FileHandler' driver.
INFO - 2025-02-07 07:41:02 --> Session: Class initialized using 'CodeIgniter\Session\Handlers\FileHandler' driver.
INFO - 2025-02-07 07:41:05 --> Session: Class initialized using 'CodeIgniter\Session\Handlers\FileHandler' driver.
INFO - 2025-02-07 07:41:23 --> Session: Class initialized using 'CodeIgniter\Session\Handlers\FileHandler' driver.
INFO - 2025-02-07 07:41:35 --> Session: Class initialized using 'CodeIgniter\Session\Handlers\FileHandler' driver.
INFO - 2025-02-07 07:42:32 --> Session: Class initialized using 'CodeIgniter\Session\Handlers\FileHandler' driver.
INFO - 2025-02-07 07:43:28 --> Session: Class initialized using 'CodeIgniter\Session\Handlers\FileHandler' driver.
INFO - 2025-02-07 07:45:56 --> Session: Class initialized using 'CodeIgniter\Session\Handlers\FileHandler' driver.
INFO - 2025-02-07 07:48:36 --> Session: Class initialized using 'CodeIgniter\Session\Handlers\FileHandler' driver.
INFO - 2025-02-07 09:08:28 --> Session: Class initialized using 'CodeIgniter\Session\Handlers\FileHandler' driver.
