INFO - 2025-01-24 05:09:34 --> Session: Class initialized using 'CodeIgniter\Session\Handlers\FileHandler' driver.
INFO - 2025-01-24 05:09:38 --> Session: Class initialized using 'CodeIgniter\Session\Handlers\FileHandler' driver.
INFO - 2025-01-24 05:09:38 --> Session: Class initialized using 'CodeIgniter\Session\Handlers\FileHandler' driver.
INFO - 2025-01-24 05:09:43 --> Session: Class initialized using 'CodeIgniter\Session\Handlers\FileHandler' driver.
INFO - 2025-01-24 05:09:49 --> Session: Class initialized using 'CodeIgniter\Session\Handlers\FileHandler' driver.
INFO - 2025-01-24 05:10:13 --> Session: Class initialized using 'CodeIgniter\Session\Handlers\FileHandler' driver.
INFO - 2025-01-24 05:13:36 --> Session: Class initialized using 'CodeIgniter\Session\Handlers\FileHandler' driver.
INFO - 2025-01-24 05:14:51 --> Session: Class initialized using 'CodeIgniter\Session\Handlers\FileHandler' driver.
INFO - 2025-01-24 05:15:15 --> Session: Class initialized using 'CodeIgniter\Session\Handlers\FileHandler' driver.
INFO - 2025-01-24 05:15:42 --> Session: Class initialized using 'CodeIgniter\Session\Handlers\FileHandler' driver.
INFO - 2025-01-24 05:15:55 --> Session: Class initialized using 'CodeIgniter\Session\Handlers\FileHandler' driver.
INFO - 2025-01-24 05:17:11 --> Session: Class initialized using 'CodeIgniter\Session\Handlers\FileHandler' driver.
INFO - 2025-01-24 05:17:31 --> Session: Class initialized using 'CodeIgniter\Session\Handlers\FileHandler' driver.
INFO - 2025-01-24 05:17:44 --> Session: Class initialized using 'CodeIgniter\Session\Handlers\FileHandler' driver.
INFO - 2025-01-24 05:29:55 --> Session: Class initialized using 'CodeIgniter\Session\Handlers\FileHandler' driver.
CRITICAL - 2025-01-24 05:29:57 --> ErrorException: Undefined array key "sheet_cat"
in APPPATH\Models\SheetModel.php on line 169.
 1 APPPATH\Models\SheetModel.php(169): CodeIgniter\Debug\Exceptions->errorHandler(2, 'Undefined array key "sheet_cat"', 'C:\\xampp\\htdocs\\adminndupdatde\\app\\Models\\SheetModel.php', 169)
 2 APPPATH\Controllers\Admin\Category\Category.php(410): App\Models\SheetModel->save([...])
 3 SYSTEMPATH\CodeIgniter.php(943): App\Controllers\Admin\Category\Category->listAllunit_product_list_save('ecf8c60815c2f15d1b067403e2b52619')
 4 SYSTEMPATH\CodeIgniter.php(503): CodeIgniter\CodeIgniter->runController(Object(App\Controllers\Admin\Category\Category))
 5 SYSTEMPATH\CodeIgniter.php(361): CodeIgniter\CodeIgniter->handleRequest(null, Object(Config\Cache), false)
 6 FCPATH\index.php(79): CodeIgniter\CodeIgniter->run()
 7 SYSTEMPATH\Commands\Server\rewrite.php(47): require_once('C:\\xampp\\htdocs\\adminndupdatde\\public\\index.php')
INFO - 2025-01-24 05:30:52 --> Session: Class initialized using 'CodeIgniter\Session\Handlers\FileHandler' driver.
CRITICAL - 2025-01-24 05:30:52 --> TypeError: implode(): Argument #2 ($array) must be of type ?array, string given
in APPPATH\Controllers\Admin\Category\Category.php on line 387.
 1 APPPATH\Controllers\Admin\Category\Category.php(387): implode(',', 'forms')
 2 SYSTEMPATH\CodeIgniter.php(943): App\Controllers\Admin\Category\Category->listAllunit_product_list_save('ecf8c60815c2f15d1b067403e2b52619')
 3 SYSTEMPATH\CodeIgniter.php(503): CodeIgniter\CodeIgniter->runController(Object(App\Controllers\Admin\Category\Category))
 4 SYSTEMPATH\CodeIgniter.php(361): CodeIgniter\CodeIgniter->handleRequest(null, Object(Config\Cache), false)
 5 FCPATH\index.php(79): CodeIgniter\CodeIgniter->run()
 6 SYSTEMPATH\Commands\Server\rewrite.php(47): require_once('C:\\xampp\\htdocs\\adminndupdatde\\public\\index.php')
INFO - 2025-01-24 05:31:21 --> Session: Class initialized using 'CodeIgniter\Session\Handlers\FileHandler' driver.
INFO - 2025-01-24 05:31:30 --> Session: Class initialized using 'CodeIgniter\Session\Handlers\FileHandler' driver.
INFO - 2025-01-24 05:31:33 --> Session: Class initialized using 'CodeIgniter\Session\Handlers\FileHandler' driver.
INFO - 2025-01-24 05:43:34 --> Session: Class initialized using 'CodeIgniter\Session\Handlers\FileHandler' driver.
INFO - 2025-01-24 05:43:38 --> Session: Class initialized using 'CodeIgniter\Session\Handlers\FileHandler' driver.
INFO - 2025-01-24 05:45:28 --> Session: Class initialized using 'CodeIgniter\Session\Handlers\FileHandler' driver.
INFO - 2025-01-24 05:46:11 --> Session: Class initialized using 'CodeIgniter\Session\Handlers\FileHandler' driver.
INFO - 2025-01-24 05:46:15 --> Session: Class initialized using 'CodeIgniter\Session\Handlers\FileHandler' driver.
INFO - 2025-01-24 05:47:40 --> Session: Class initialized using 'CodeIgniter\Session\Handlers\FileHandler' driver.
INFO - 2025-01-24 05:48:17 --> Session: Class initialized using 'CodeIgniter\Session\Handlers\FileHandler' driver.
INFO - 2025-01-24 05:48:29 --> Session: Class initialized using 'CodeIgniter\Session\Handlers\FileHandler' driver.
INFO - 2025-01-24 05:56:10 --> Session: Class initialized using 'CodeIgniter\Session\Handlers\FileHandler' driver.
INFO - 2025-01-24 05:56:15 --> Session: Class initialized using 'CodeIgniter\Session\Handlers\FileHandler' driver.
CRITICAL - 2025-01-24 05:56:16 --> Error: Object of class CodeIgniter\HTTP\Response could not be converted to string
in APPPATH\Controllers\Admin\Category\Category.php on line 497.
 1 SYSTEMPATH\CodeIgniter.php(943): App\Controllers\Admin\Category\Category->sheet_permission('ecf8c60815c2f15d1b067403e2b52619')
 2 SYSTEMPATH\CodeIgniter.php(503): CodeIgniter\CodeIgniter->runController(Object(App\Controllers\Admin\Category\Category))
 3 SYSTEMPATH\CodeIgniter.php(361): CodeIgniter\CodeIgniter->handleRequest(null, Object(Config\Cache), false)
 4 FCPATH\index.php(79): CodeIgniter\CodeIgniter->run()
 5 SYSTEMPATH\Commands\Server\rewrite.php(47): require_once('C:\\xampp\\htdocs\\adminndupdatde\\public\\index.php')
INFO - 2025-01-24 07:08:14 --> Session: Class initialized using 'CodeIgniter\Session\Handlers\FileHandler' driver.
INFO - 2025-01-24 07:08:33 --> Session: Class initialized using 'CodeIgniter\Session\Handlers\FileHandler' driver.
INFO - 2025-01-24 07:10:20 --> Session: Class initialized using 'CodeIgniter\Session\Handlers\FileHandler' driver.
INFO - 2025-01-24 07:13:16 --> Session: Class initialized using 'CodeIgniter\Session\Handlers\FileHandler' driver.
INFO - 2025-01-24 07:13:20 --> Session: Class initialized using 'CodeIgniter\Session\Handlers\FileHandler' driver.
INFO - 2025-01-24 07:15:18 --> Session: Class initialized using 'CodeIgniter\Session\Handlers\FileHandler' driver.
INFO - 2025-01-24 07:15:24 --> Session: Class initialized using 'CodeIgniter\Session\Handlers\FileHandler' driver.
INFO - 2025-01-24 07:16:08 --> Session: Class initialized using 'CodeIgniter\Session\Handlers\FileHandler' driver.
INFO - 2025-01-24 07:17:49 --> Session: Class initialized using 'CodeIgniter\Session\Handlers\FileHandler' driver.
INFO - 2025-01-24 07:17:57 --> Session: Class initialized using 'CodeIgniter\Session\Handlers\FileHandler' driver.
INFO - 2025-01-24 09:36:46 --> Session: Class initialized using 'CodeIgniter\Session\Handlers\FileHandler' driver.
INFO - 2025-01-24 09:36:46 --> Session: Class initialized using 'CodeIgniter\Session\Handlers\FileHandler' driver.
INFO - 2025-01-24 09:36:50 --> Session: Class initialized using 'CodeIgniter\Session\Handlers\FileHandler' driver.
INFO - 2025-01-24 09:36:51 --> Session: Class initialized using 'CodeIgniter\Session\Handlers\FileHandler' driver.
INFO - 2025-01-24 09:37:02 --> Session: Class initialized using 'CodeIgniter\Session\Handlers\FileHandler' driver.
INFO - 2025-01-24 09:45:06 --> Session: Class initialized using 'CodeIgniter\Session\Handlers\FileHandler' driver.
INFO - 2025-01-24 09:45:10 --> Session: Class initialized using 'CodeIgniter\Session\Handlers\FileHandler' driver.
INFO - 2025-01-24 09:46:01 --> Session: Class initialized using 'CodeIgniter\Session\Handlers\FileHandler' driver.
INFO - 2025-01-24 09:46:10 --> Session: Class initialized using 'CodeIgniter\Session\Handlers\FileHandler' driver.
INFO - 2025-01-24 09:47:05 --> Session: Class initialized using 'CodeIgniter\Session\Handlers\FileHandler' driver.
INFO - 2025-01-24 09:48:45 --> Session: Class initialized using 'CodeIgniter\Session\Handlers\FileHandler' driver.
INFO - 2025-01-24 09:49:18 --> Session: Class initialized using 'CodeIgniter\Session\Handlers\FileHandler' driver.
CRITICAL - 2025-01-24 09:49:19 --> Error: Object of class Google\Service\Drive\PermissionList could not be converted to string
in APPPATH\Controllers\Admin\Category\Category.php on line 522.
 1 APPPATH\Controllers\Admin\Category\Category.php(496): App\Controllers\Admin\Category\Category->getSheetPermission('1eCjVz2RaiDPLBkv8jz7nfkcvH66L1dd82v4dTguCgKs')
 2 SYSTEMPATH\CodeIgniter.php(943): App\Controllers\Admin\Category\Category->sheet_permission('1514ce71b69d2b20c6bf201bb3a2f217')
 3 SYSTEMPATH\CodeIgniter.php(503): CodeIgniter\CodeIgniter->runController(Object(App\Controllers\Admin\Category\Category))
 4 SYSTEMPATH\CodeIgniter.php(361): CodeIgniter\CodeIgniter->handleRequest(null, Object(Config\Cache), false)
 5 FCPATH\index.php(79): CodeIgniter\CodeIgniter->run()
 6 SYSTEMPATH\Commands\Server\rewrite.php(47): require_once('C:\\xampp\\htdocs\\adminndupdatde\\public\\index.php')
INFO - 2025-01-24 09:51:15 --> Session: Class initialized using 'CodeIgniter\Session\Handlers\FileHandler' driver.
INFO - 2025-01-24 09:52:17 --> Session: Class initialized using 'CodeIgniter\Session\Handlers\FileHandler' driver.
INFO - 2025-01-24 09:52:26 --> Session: Class initialized using 'CodeIgniter\Session\Handlers\FileHandler' driver.
INFO - 2025-01-24 09:59:10 --> Session: Class initialized using 'CodeIgniter\Session\Handlers\FileHandler' driver.
INFO - 2025-01-24 10:00:52 --> Session: Class initialized using 'CodeIgniter\Session\Handlers\FileHandler' driver.
INFO - 2025-01-24 10:01:01 --> Session: Class initialized using 'CodeIgniter\Session\Handlers\FileHandler' driver.
INFO - 2025-01-24 10:01:23 --> Session: Class initialized using 'CodeIgniter\Session\Handlers\FileHandler' driver.
INFO - 2025-01-24 10:01:30 --> Session: Class initialized using 'CodeIgniter\Session\Handlers\FileHandler' driver.
INFO - 2025-01-24 10:02:01 --> Session: Class initialized using 'CodeIgniter\Session\Handlers\FileHandler' driver.
INFO - 2025-01-24 10:02:17 --> Session: Class initialized using 'CodeIgniter\Session\Handlers\FileHandler' driver.
INFO - 2025-01-24 10:02:30 --> Session: Class initialized using 'CodeIgniter\Session\Handlers\FileHandler' driver.
INFO - 2025-01-24 10:03:13 --> Session: Class initialized using 'CodeIgniter\Session\Handlers\FileHandler' driver.
INFO - 2025-01-24 10:03:33 --> Session: Class initialized using 'CodeIgniter\Session\Handlers\FileHandler' driver.
INFO - 2025-01-24 10:03:40 --> Session: Class initialized using 'CodeIgniter\Session\Handlers\FileHandler' driver.
INFO - 2025-01-24 10:04:18 --> Session: Class initialized using 'CodeIgniter\Session\Handlers\FileHandler' driver.
INFO - 2025-01-24 10:06:31 --> Session: Class initialized using 'CodeIgniter\Session\Handlers\FileHandler' driver.
INFO - 2025-01-24 10:06:38 --> Session: Class initialized using 'CodeIgniter\Session\Handlers\FileHandler' driver.
ERROR - 2025-01-24 10:06:39 --> Error fetching permissions: {
  "error": {
    "code": 404,
    "message": "File not found: 1kbCzhZxCM1HjiKTcCCDWA0O_azdYKRJ6BsU5Y3yvZzQ.",
    "errors": [
      {
        "message": "File not found: 1kbCzhZxCM1HjiKTcCCDWA0O_azdYKRJ6BsU5Y3yvZzQ.",
        "domain": "global",
        "reason": "notFound",
        "location": "fileId",
        "locationType": "parameter"
      }
    ]
  }
}

INFO - 2025-01-24 10:08:51 --> Session: Class initialized using 'CodeIgniter\Session\Handlers\FileHandler' driver.
INFO - 2025-01-24 10:08:56 --> Session: Class initialized using 'CodeIgniter\Session\Handlers\FileHandler' driver.
ERROR - 2025-01-24 10:08:57 --> Error fetching permissions: {
  "error": {
    "code": 404,
    "message": "File not found: 1kbCzhZxCM1HjiKTcCCDWA0O_azdYKRJ6BsU5Y3yvZzQ.",
    "errors": [
      {
        "message": "File not found: 1kbCzhZxCM1HjiKTcCCDWA0O_azdYKRJ6BsU5Y3yvZzQ.",
        "domain": "global",
        "reason": "notFound",
        "location": "fileId",
        "locationType": "parameter"
      }
    ]
  }
}

INFO - 2025-01-24 10:11:01 --> Session: Class initialized using 'CodeIgniter\Session\Handlers\FileHandler' driver.
INFO - 2025-01-24 10:11:08 --> Session: Class initialized using 'CodeIgniter\Session\Handlers\FileHandler' driver.
ERROR - 2025-01-24 10:11:10 --> Error fetching permissions: {
  "error": {
    "code": 404,
    "message": "File not found: 1kbCzhZxCM1HjiKTcCCDWA0O_azdYKRJ6BsU5Y3yvZzQ.",
    "errors": [
      {
        "message": "File not found: 1kbCzhZxCM1HjiKTcCCDWA0O_azdYKRJ6BsU5Y3yvZzQ.",
        "domain": "global",
        "reason": "notFound",
        "location": "fileId",
        "locationType": "parameter"
      }
    ]
  }
}

INFO - 2025-01-24 10:53:45 --> Session: Class initialized using 'CodeIgniter\Session\Handlers\FileHandler' driver.
INFO - 2025-01-24 10:53:50 --> Session: Class initialized using 'CodeIgniter\Session\Handlers\FileHandler' driver.
ERROR - 2025-01-24 10:53:51 --> Error fetching permissions: {
  "error": {
    "code": 404,
    "message": "File not found: 1kbCzhZxCM1HjiKTcCCDWA0O_azdYKRJ6BsU5Y3yvZzQ.",
    "errors": [
      {
        "message": "File not found: 1kbCzhZxCM1HjiKTcCCDWA0O_azdYKRJ6BsU5Y3yvZzQ.",
        "domain": "global",
        "reason": "notFound",
        "location": "fileId",
        "locationType": "parameter"
      }
    ]
  }
}

INFO - 2025-01-24 10:54:09 --> Session: Class initialized using 'CodeIgniter\Session\Handlers\FileHandler' driver.
INFO - 2025-01-24 11:19:38 --> Session: Class initialized using 'CodeIgniter\Session\Handlers\FileHandler' driver.
ERROR - 2025-01-24 11:19:39 --> Error fetching permissions: {
  "error": {
    "code": 404,
    "message": "File not found: 1kbCzhZxCM1HjiKTcCCDWA0O_azdYKRJ6BsU5Y3yvZzQ.",
    "errors": [
      {
        "message": "File not found: 1kbCzhZxCM1HjiKTcCCDWA0O_azdYKRJ6BsU5Y3yvZzQ.",
        "domain": "global",
        "reason": "notFound",
        "location": "fileId",
        "locationType": "parameter"
      }
    ]
  }
}

INFO - 2025-01-24 11:19:50 --> Session: Class initialized using 'CodeIgniter\Session\Handlers\FileHandler' driver.
INFO - 2025-01-24 11:20:50 --> Session: Class initialized using 'CodeIgniter\Session\Handlers\FileHandler' driver.
INFO - 2025-01-24 11:20:56 --> Session: Class initialized using 'CodeIgniter\Session\Handlers\FileHandler' driver.
INFO - 2025-01-24 11:21:45 --> Session: Class initialized using 'CodeIgniter\Session\Handlers\FileHandler' driver.
INFO - 2025-01-24 11:21:49 --> Session: Class initialized using 'CodeIgniter\Session\Handlers\FileHandler' driver.
ERROR - 2025-01-24 11:21:50 --> Error fetching permissions: {
  "error": {
    "code": 404,
    "message": "File not found: 1kbCzhZxCM1HjiKTcCCDWA0O_azdYKRJ6BsU5Y3yvZzQ.",
    "errors": [
      {
        "message": "File not found: 1kbCzhZxCM1HjiKTcCCDWA0O_azdYKRJ6BsU5Y3yvZzQ.",
        "domain": "global",
        "reason": "notFound",
        "location": "fileId",
        "locationType": "parameter"
      }
    ]
  }
}

INFO - 2025-01-24 11:23:06 --> Session: Class initialized using 'CodeIgniter\Session\Handlers\FileHandler' driver.
INFO - 2025-01-24 11:23:13 --> Session: Class initialized using 'CodeIgniter\Session\Handlers\FileHandler' driver.
ERROR - 2025-01-24 11:23:14 --> Error fetching permissions: {
  "error": {
    "code": 404,
    "message": "File not found: 1kbCzhZxCM1HjiKTcCCDWA0O_azdYKRJ6BsU5Y3yvZzQ.",
    "errors": [
      {
        "message": "File not found: 1kbCzhZxCM1HjiKTcCCDWA0O_azdYKRJ6BsU5Y3yvZzQ.",
        "domain": "global",
        "reason": "notFound",
        "location": "fileId",
        "locationType": "parameter"
      }
    ]
  }
}

INFO - 2025-01-24 11:23:55 --> Session: Class initialized using 'CodeIgniter\Session\Handlers\FileHandler' driver.
INFO - 2025-01-24 11:23:59 --> Session: Class initialized using 'CodeIgniter\Session\Handlers\FileHandler' driver.
ERROR - 2025-01-24 11:23:59 --> Error fetching permissions: {
  "error": {
    "code": 404,
    "message": "File not found: 1kbCzhZxCM1HjiKTcCCDWA0O_azdYKRJ6BsU5Y3yvZzQ.",
    "errors": [
      {
        "message": "File not found: 1kbCzhZxCM1HjiKTcCCDWA0O_azdYKRJ6BsU5Y3yvZzQ.",
        "domain": "global",
        "reason": "notFound",
        "location": "fileId",
        "locationType": "parameter"
      }
    ]
  }
}

INFO - 2025-01-24 11:24:16 --> Session: Class initialized using 'CodeIgniter\Session\Handlers\FileHandler' driver.
INFO - 2025-01-24 11:24:20 --> Session: Class initialized using 'CodeIgniter\Session\Handlers\FileHandler' driver.
ERROR - 2025-01-24 11:24:21 --> Error fetching permissions: {
  "error": {
    "code": 404,
    "message": "File not found: 1kbCzhZxCM1HjiKTcCCDWA0O_azdYKRJ6BsU5Y3yvZzQ.",
    "errors": [
      {
        "message": "File not found: 1kbCzhZxCM1HjiKTcCCDWA0O_azdYKRJ6BsU5Y3yvZzQ.",
        "domain": "global",
        "reason": "notFound",
        "location": "fileId",
        "locationType": "parameter"
      }
    ]
  }
}

