ERROR - 2024-12-26 00:15:11 --> mysqli_sql_exception: Table 'ndadmin.google_sheets' doesn't exist in C:\xampp\htdocs\adminnd\vendor\codeigniter4\framework\system\Database\MySQLi\Connection.php:306
Stack trace:
#0 C:\xampp\htdocs\adminnd\vendor\codeigniter4\framework\system\Database\MySQLi\Connection.php(306): mysqli->query('INSERT INTO `go...', 0)
#1 C:\xampp\htdocs\adminnd\vendor\codeigniter4\framework\system\Database\BaseConnection.php(693): CodeIgniter\Database\MySQLi\Connection->execute('INSERT INTO `go...')
#2 C:\xampp\htdocs\adminnd\vendor\codeigniter4\framework\system\Database\BaseConnection.php(607): CodeIgniter\Database\BaseConnection->simpleQuery('INSERT INTO `go...')
#3 C:\xampp\htdocs\adminnd\app\Models\SheetModel.php(181): CodeIgniter\Database\BaseConnection->query('INSERT INTO `go...')
#4 C:\xampp\htdocs\adminnd\app\Controllers\Admin\Category\Category.php(244): App\Models\SheetModel->save(Array)
#5 C:\xampp\htdocs\adminnd\vendor\codeigniter4\framework\system\CodeIgniter.php(943): App\Controllers\Admin\Category\Category->listAllunit_product_list_save('425472da62e61fb...')
#6 C:\xampp\htdocs\adminnd\vendor\codeigniter4\framework\system\CodeIgniter.php(503): CodeIgniter\CodeIgniter->runController(Object(App\Controllers\Admin\Category\Category))
#7 C:\xampp\htdocs\adminnd\vendor\codeigniter4\framework\system\CodeIgniter.php(361): CodeIgniter\CodeIgniter->handleRequest(NULL, Object(Config\Cache), false)
#8 C:\xampp\htdocs\adminnd\public\index.php(79): CodeIgniter\CodeIgniter->run()
#9 C:\xampp\htdocs\adminnd\vendor\codeigniter4\framework\system\Commands\Server\rewrite.php(47): require_once('C:\\xampp\\htdocs...')
#10 {main}
CRITICAL - 2024-12-26 00:15:11 --> CodeIgniter\Database\Exceptions\DatabaseException: Table 'ndadmin.google_sheets' doesn't exist
in SYSTEMPATH\Database\BaseConnection.php on line 647.
 1 APPPATH\Models\SheetModel.php(181): CodeIgniter\Database\BaseConnection->query('INSERT INTO `google_sheets`(`id`, `name`, `dis`, `status`, `sheet_url`,`permistion`,`emails`,`created_at`) VALUES (null,\'anshul kumar\',\'<p><br></p>\',\'1\',\'https://docs.google.com/spreadsheets/d/1geeC9bG88LKViOdQyX8SioxjWgjBIztcEZY8FIl61Rk/edit\',\'\',\'ronakvaya@gmail.com\',\'2024-12-26 00:15:11\')')
 2 APPPATH\Controllers\Admin\Category\Category.php(244): App\Models\SheetModel->save([...])
 3 SYSTEMPATH\CodeIgniter.php(943): App\Controllers\Admin\Category\Category->listAllunit_product_list_save('425472da62e61fb04ecadbe604f9a597')
 4 SYSTEMPATH\CodeIgniter.php(503): CodeIgniter\CodeIgniter->runController(Object(App\Controllers\Admin\Category\Category))
 5 SYSTEMPATH\CodeIgniter.php(361): CodeIgniter\CodeIgniter->handleRequest(null, Object(Config\Cache), false)
 6 FCPATH\index.php(79): CodeIgniter\CodeIgniter->run()
 7 SYSTEMPATH\Commands\Server\rewrite.php(47): require_once('C:\\xampp\\htdocs\\adminnd\\public\\index.php')
CRITICAL - 2024-12-26 00:15:11 --> [Caused by] CodeIgniter\Database\Exceptions\DatabaseException: Table 'ndadmin.google_sheets' doesn't exist
in SYSTEMPATH\Database\MySQLi\Connection.php on line 311.
 1 SYSTEMPATH\Database\BaseConnection.php(693): CodeIgniter\Database\MySQLi\Connection->execute('INSERT INTO `google_sheets`(`id`, `name`, `dis`, `status`, `sheet_url`,`permistion`,`emails`,`created_at`) VALUES (null,\'anshul kumar\',\'<p><br></p>\',\'1\',\'https://docs.google.com/spreadsheets/d/1geeC9bG88LKViOdQyX8SioxjWgjBIztcEZY8FIl61Rk/edit\',\'\',\'ronakvaya@gmail.com\',\'2024-12-26 00:15:11\')')
 2 SYSTEMPATH\Database\BaseConnection.php(607): CodeIgniter\Database\BaseConnection->simpleQuery('INSERT INTO `google_sheets`(`id`, `name`, `dis`, `status`, `sheet_url`,`permistion`,`emails`,`created_at`) VALUES (null,\'anshul kumar\',\'<p><br></p>\',\'1\',\'https://docs.google.com/spreadsheets/d/1geeC9bG88LKViOdQyX8SioxjWgjBIztcEZY8FIl61Rk/edit\',\'\',\'ronakvaya@gmail.com\',\'2024-12-26 00:15:11\')')
 3 APPPATH\Models\SheetModel.php(181): CodeIgniter\Database\BaseConnection->query('INSERT INTO `google_sheets`(`id`, `name`, `dis`, `status`, `sheet_url`,`permistion`,`emails`,`created_at`) VALUES (null,\'anshul kumar\',\'<p><br></p>\',\'1\',\'https://docs.google.com/spreadsheets/d/1geeC9bG88LKViOdQyX8SioxjWgjBIztcEZY8FIl61Rk/edit\',\'\',\'ronakvaya@gmail.com\',\'2024-12-26 00:15:11\')')
 4 APPPATH\Controllers\Admin\Category\Category.php(244): App\Models\SheetModel->save([...])
 5 SYSTEMPATH\CodeIgniter.php(943): App\Controllers\Admin\Category\Category->listAllunit_product_list_save('425472da62e61fb04ecadbe604f9a597')
 6 SYSTEMPATH\CodeIgniter.php(503): CodeIgniter\CodeIgniter->runController(Object(App\Controllers\Admin\Category\Category))
 7 SYSTEMPATH\CodeIgniter.php(361): CodeIgniter\CodeIgniter->handleRequest(null, Object(Config\Cache), false)
 8 FCPATH\index.php(79): CodeIgniter\CodeIgniter->run()
 9 SYSTEMPATH\Commands\Server\rewrite.php(47): require_once('C:\\xampp\\htdocs\\adminnd\\public\\index.php')
CRITICAL - 2024-12-26 00:15:11 --> [Caused by] mysqli_sql_exception: Table 'ndadmin.google_sheets' doesn't exist
in SYSTEMPATH\Database\MySQLi\Connection.php on line 306.
 1 SYSTEMPATH\Database\MySQLi\Connection.php(306): mysqli->query('INSERT INTO `google_sheets`(`id`, `name`, `dis`, `status`, `sheet_url`,`permistion`,`emails`,`created_at`) VALUES (null,\'anshul kumar\',\'<p><br></p>\',\'1\',\'https://docs.google.com/spreadsheets/d/1geeC9bG88LKViOdQyX8SioxjWgjBIztcEZY8FIl61Rk/edit\',\'\',\'ronakvaya@gmail.com\',\'2024-12-26 00:15:11\')', 0)
 2 SYSTEMPATH\Database\BaseConnection.php(693): CodeIgniter\Database\MySQLi\Connection->execute('INSERT INTO `google_sheets`(`id`, `name`, `dis`, `status`, `sheet_url`,`permistion`,`emails`,`created_at`) VALUES (null,\'anshul kumar\',\'<p><br></p>\',\'1\',\'https://docs.google.com/spreadsheets/d/1geeC9bG88LKViOdQyX8SioxjWgjBIztcEZY8FIl61Rk/edit\',\'\',\'ronakvaya@gmail.com\',\'2024-12-26 00:15:11\')')
 3 SYSTEMPATH\Database\BaseConnection.php(607): CodeIgniter\Database\BaseConnection->simpleQuery('INSERT INTO `google_sheets`(`id`, `name`, `dis`, `status`, `sheet_url`,`permistion`,`emails`,`created_at`) VALUES (null,\'anshul kumar\',\'<p><br></p>\',\'1\',\'https://docs.google.com/spreadsheets/d/1geeC9bG88LKViOdQyX8SioxjWgjBIztcEZY8FIl61Rk/edit\',\'\',\'ronakvaya@gmail.com\',\'2024-12-26 00:15:11\')')
 4 APPPATH\Models\SheetModel.php(181): CodeIgniter\Database\BaseConnection->query('INSERT INTO `google_sheets`(`id`, `name`, `dis`, `status`, `sheet_url`,`permistion`,`emails`,`created_at`) VALUES (null,\'anshul kumar\',\'<p><br></p>\',\'1\',\'https://docs.google.com/spreadsheets/d/1geeC9bG88LKViOdQyX8SioxjWgjBIztcEZY8FIl61Rk/edit\',\'\',\'ronakvaya@gmail.com\',\'2024-12-26 00:15:11\')')
 5 APPPATH\Controllers\Admin\Category\Category.php(244): App\Models\SheetModel->save([...])
 6 SYSTEMPATH\CodeIgniter.php(943): App\Controllers\Admin\Category\Category->listAllunit_product_list_save('425472da62e61fb04ecadbe604f9a597')
 7 SYSTEMPATH\CodeIgniter.php(503): CodeIgniter\CodeIgniter->runController(Object(App\Controllers\Admin\Category\Category))
 8 SYSTEMPATH\CodeIgniter.php(361): CodeIgniter\CodeIgniter->handleRequest(null, Object(Config\Cache), false)
 9 FCPATH\index.php(79): CodeIgniter\CodeIgniter->run()
10 SYSTEMPATH\Commands\Server\rewrite.php(47): require_once('C:\\xampp\\htdocs\\adminnd\\public\\index.php')
CRITICAL - 2024-12-26 00:15:37 --> ErrorException: Undefined variable $token
in APPPATH\Views\admin\common\header.php on line 23.
 1 APPPATH\Views\admin\common\header.php(23): CodeIgniter\Debug\Exceptions->errorHandler(2, 'Undefined variable $token', 'C:\\xampp\\htdocs\\adminnd\\app\\Views\\admin\\common\\header.php', 23)
 2 SYSTEMPATH\View\View.php(228): include('C:\\xampp\\htdocs\\adminnd\\app\\Views\\admin\\common\\header.php')
 3 SYSTEMPATH\View\View.php(231): CodeIgniter\View\View->CodeIgniter\View\{closure}()
 4 SYSTEMPATH\View\View.php(469): CodeIgniter\View\View->render('admin/common/header', null, true)
 5 APPPATH\Views\admin\catalog\sheet_view.php(1): CodeIgniter\View\View->include('admin/common/header')
 6 SYSTEMPATH\View\View.php(228): include('C:\\xampp\\htdocs\\adminnd\\app\\Views\\admin\\catalog\\sheet_view.php')
 7 SYSTEMPATH\View\View.php(231): CodeIgniter\View\View->CodeIgniter\View\{closure}()
 8 SYSTEMPATH\Common.php(1178): CodeIgniter\View\View->render('admin/catalog/sheet_view', [], true)
 9 APPPATH\Controllers\Admin\Category\Category.php(248): view('admin/catalog/sheet_view', [...])
10 SYSTEMPATH\CodeIgniter.php(943): App\Controllers\Admin\Category\Category->listAllunit_product_list_save('425472da62e61fb04ecadbe604f9a597')
11 SYSTEMPATH\CodeIgniter.php(503): CodeIgniter\CodeIgniter->runController(Object(App\Controllers\Admin\Category\Category))
12 SYSTEMPATH\CodeIgniter.php(361): CodeIgniter\CodeIgniter->handleRequest(null, Object(Config\Cache), false)
13 FCPATH\index.php(79): CodeIgniter\CodeIgniter->run()
14 SYSTEMPATH\Commands\Server\rewrite.php(47): require_once('C:\\xampp\\htdocs\\adminnd\\public\\index.php')
INFO - 2024-12-26 06:55:21 --> Session: Class initialized using 'CodeIgniter\Session\Handlers\FileHandler' driver.
INFO - 2024-12-26 06:55:22 --> Session: Class initialized using 'CodeIgniter\Session\Handlers\FileHandler' driver.
INFO - 2024-12-26 06:55:34 --> Session: Class initialized using 'CodeIgniter\Session\Handlers\FileHandler' driver.
INFO - 2024-12-26 06:56:43 --> Session: Class initialized using 'CodeIgniter\Session\Handlers\FileHandler' driver.
INFO - 2024-12-26 06:56:43 --> Session: Class initialized using 'CodeIgniter\Session\Handlers\FileHandler' driver.
INFO - 2024-12-26 06:57:03 --> Session: Class initialized using 'CodeIgniter\Session\Handlers\FileHandler' driver.
INFO - 2024-12-26 06:57:18 --> Session: Class initialized using 'CodeIgniter\Session\Handlers\FileHandler' driver.
INFO - 2024-12-26 06:57:45 --> Session: Class initialized using 'CodeIgniter\Session\Handlers\FileHandler' driver.
INFO - 2024-12-26 06:58:44 --> Session: Class initialized using 'CodeIgniter\Session\Handlers\FileHandler' driver.
INFO - 2024-12-26 07:00:33 --> Session: Class initialized using 'CodeIgniter\Session\Handlers\FileHandler' driver.
INFO - 2024-12-26 07:01:02 --> Session: Class initialized using 'CodeIgniter\Session\Handlers\FileHandler' driver.
INFO - 2024-12-26 07:01:14 --> Session: Class initialized using 'CodeIgniter\Session\Handlers\FileHandler' driver.
INFO - 2024-12-26 07:01:46 --> Session: Class initialized using 'CodeIgniter\Session\Handlers\FileHandler' driver.
INFO - 2024-12-26 07:54:27 --> Session: Class initialized using 'CodeIgniter\Session\Handlers\FileHandler' driver.
INFO - 2024-12-26 07:54:31 --> Session: Class initialized using 'CodeIgniter\Session\Handlers\FileHandler' driver.
INFO - 2024-12-26 07:54:31 --> Session: Class initialized using 'CodeIgniter\Session\Handlers\FileHandler' driver.
INFO - 2024-12-26 07:54:41 --> Session: Class initialized using 'CodeIgniter\Session\Handlers\FileHandler' driver.
INFO - 2024-12-26 07:54:57 --> Session: Class initialized using 'CodeIgniter\Session\Handlers\FileHandler' driver.
INFO - 2024-12-26 08:21:50 --> Session: Class initialized using 'CodeIgniter\Session\Handlers\FileHandler' driver.
INFO - 2024-12-26 08:21:51 --> Session: Class initialized using 'CodeIgniter\Session\Handlers\FileHandler' driver.
INFO - 2024-12-26 08:21:52 --> Session: Class initialized using 'CodeIgniter\Session\Handlers\FileHandler' driver.
