INFO - 2025-01-27 04:42:27 --> Session: Class initialized using 'CodeIgniter\Session\Handlers\FileHandler' driver.
INFO - 2025-01-27 04:42:31 --> Session: Class initialized using 'CodeIgniter\Session\Handlers\FileHandler' driver.
INFO - 2025-01-27 04:42:31 --> Session: Class initialized using 'CodeIgniter\Session\Handlers\FileHandler' driver.
INFO - 2025-01-27 04:42:43 --> Session: Class initialized using 'CodeIgniter\Session\Handlers\FileHandler' driver.
INFO - 2025-01-27 04:42:52 --> Session: Class initialized using 'CodeIgniter\Session\Handlers\FileHandler' driver.
INFO - 2025-01-27 04:46:08 --> Session: Class initialized using 'CodeIgniter\Session\Handlers\FileHandler' driver.
INFO - 2025-01-27 04:46:24 --> Session: Class initialized using 'CodeIgniter\Session\Handlers\FileHandler' driver.
INFO - 2025-01-27 04:46:35 --> Session: Class initialized using 'CodeIgniter\Session\Handlers\FileHandler' driver.
INFO - 2025-01-27 04:50:07 --> Session: Class initialized using 'CodeIgniter\Session\Handlers\FileHandler' driver.
INFO - 2025-01-27 04:50:30 --> Session: Class initialized using 'CodeIgniter\Session\Handlers\FileHandler' driver.
INFO - 2025-01-27 04:53:59 --> Session: Class initialized using 'CodeIgniter\Session\Handlers\FileHandler' driver.
INFO - 2025-01-27 04:57:45 --> Session: Class initialized using 'CodeIgniter\Session\Handlers\FileHandler' driver.
INFO - 2025-01-27 04:58:19 --> Session: Class initialized using 'CodeIgniter\Session\Handlers\FileHandler' driver.
INFO - 2025-01-27 04:58:21 --> Session: Class initialized using 'CodeIgniter\Session\Handlers\FileHandler' driver.
INFO - 2025-01-27 04:58:25 --> Session: Class initialized using 'CodeIgniter\Session\Handlers\FileHandler' driver.
INFO - 2025-01-27 05:19:43 --> Session: Class initialized using 'CodeIgniter\Session\Handlers\FileHandler' driver.
INFO - 2025-01-27 05:19:46 --> Session: Class initialized using 'CodeIgniter\Session\Handlers\FileHandler' driver.
INFO - 2025-01-27 05:19:50 --> Session: Class initialized using 'CodeIgniter\Session\Handlers\FileHandler' driver.
ERROR - 2025-01-27 05:19:52 --> Error fetching permissions: {
  "error": {
    "code": 404,
    "message": "File not found: 1kbCzhZxCM1HjiKTcCCDWA0O_azdYKRJ6BsU5Y3yvZzQ.",
    "errors": [
      {
        "message": "File not found: 1kbCzhZxCM1HjiKTcCCDWA0O_azdYKRJ6BsU5Y3yvZzQ.",
        "domain": "global",
        "reason": "notFound",
        "location": "fileId",
        "locationType": "parameter"
      }
    ]
  }
}

INFO - 2025-01-27 05:20:10 --> Session: Class initialized using 'CodeIgniter\Session\Handlers\FileHandler' driver.
INFO - 2025-01-27 05:20:15 --> Session: Class initialized using 'CodeIgniter\Session\Handlers\FileHandler' driver.
ERROR - 2025-01-27 05:20:16 --> Error fetching permissions: {
  "error": {
    "code": 404,
    "message": "File not found: 1kbCzhZxCM1HjiKTcCCDWA0O_azdYKRJ6BsU5Y3yvZzQ.",
    "errors": [
      {
        "message": "File not found: 1kbCzhZxCM1HjiKTcCCDWA0O_azdYKRJ6BsU5Y3yvZzQ.",
        "domain": "global",
        "reason": "notFound",
        "location": "fileId",
        "locationType": "parameter"
      }
    ]
  }
}

INFO - 2025-01-27 05:27:49 --> Session: Class initialized using 'CodeIgniter\Session\Handlers\FileHandler' driver.
INFO - 2025-01-27 05:27:53 --> Session: Class initialized using 'CodeIgniter\Session\Handlers\FileHandler' driver.
ERROR - 2025-01-27 05:27:54 --> Error fetching permissions: {
  "error": {
    "code": 404,
    "message": "File not found: 1kbCzhZxCM1HjiKTcCCDWA0O_azdYKRJ6BsU5Y3yvZzQ.",
    "errors": [
      {
        "message": "File not found: 1kbCzhZxCM1HjiKTcCCDWA0O_azdYKRJ6BsU5Y3yvZzQ.",
        "domain": "global",
        "reason": "notFound",
        "location": "fileId",
        "locationType": "parameter"
      }
    ]
  }
}

INFO - 2025-01-27 05:29:10 --> Session: Class initialized using 'CodeIgniter\Session\Handlers\FileHandler' driver.
INFO - 2025-01-27 05:29:16 --> Session: Class initialized using 'CodeIgniter\Session\Handlers\FileHandler' driver.
ERROR - 2025-01-27 05:29:17 --> Error fetching permissions: {
  "error": {
    "code": 404,
    "message": "File not found: 1kbCzhZxCM1HjiKTcCCDWA0O_azdYKRJ6BsU5Y3yvZzQ.",
    "errors": [
      {
        "message": "File not found: 1kbCzhZxCM1HjiKTcCCDWA0O_azdYKRJ6BsU5Y3yvZzQ.",
        "domain": "global",
        "reason": "notFound",
        "location": "fileId",
        "locationType": "parameter"
      }
    ]
  }
}

INFO - 2025-01-27 05:29:31 --> Session: Class initialized using 'CodeIgniter\Session\Handlers\FileHandler' driver.
INFO - 2025-01-27 05:29:37 --> Session: Class initialized using 'CodeIgniter\Session\Handlers\FileHandler' driver.
ERROR - 2025-01-27 05:29:38 --> Error fetching permissions: {
  "error": {
    "code": 404,
    "message": "File not found: 1kbCzhZxCM1HjiKTcCCDWA0O_azdYKRJ6BsU5Y3yvZzQ.",
    "errors": [
      {
        "message": "File not found: 1kbCzhZxCM1HjiKTcCCDWA0O_azdYKRJ6BsU5Y3yvZzQ.",
        "domain": "global",
        "reason": "notFound",
        "location": "fileId",
        "locationType": "parameter"
      }
    ]
  }
}

INFO - 2025-01-27 05:30:07 --> Session: Class initialized using 'CodeIgniter\Session\Handlers\FileHandler' driver.
INFO - 2025-01-27 05:30:12 --> Session: Class initialized using 'CodeIgniter\Session\Handlers\FileHandler' driver.
ERROR - 2025-01-27 05:30:13 --> Error fetching permissions: {
  "error": {
    "code": 404,
    "message": "File not found: 1kbCzhZxCM1HjiKTcCCDWA0O_azdYKRJ6BsU5Y3yvZzQ.",
    "errors": [
      {
        "message": "File not found: 1kbCzhZxCM1HjiKTcCCDWA0O_azdYKRJ6BsU5Y3yvZzQ.",
        "domain": "global",
        "reason": "notFound",
        "location": "fileId",
        "locationType": "parameter"
      }
    ]
  }
}

INFO - 2025-01-27 05:30:39 --> Session: Class initialized using 'CodeIgniter\Session\Handlers\FileHandler' driver.
INFO - 2025-01-27 05:30:42 --> Session: Class initialized using 'CodeIgniter\Session\Handlers\FileHandler' driver.
INFO - 2025-01-27 05:30:46 --> Session: Class initialized using 'CodeIgniter\Session\Handlers\FileHandler' driver.
INFO - 2025-01-27 05:31:16 --> Session: Class initialized using 'CodeIgniter\Session\Handlers\FileHandler' driver.
INFO - 2025-01-27 05:31:20 --> Session: Class initialized using 'CodeIgniter\Session\Handlers\FileHandler' driver.
INFO - 2025-01-27 05:32:02 --> Session: Class initialized using 'CodeIgniter\Session\Handlers\FileHandler' driver.
INFO - 2025-01-27 05:32:09 --> Session: Class initialized using 'CodeIgniter\Session\Handlers\FileHandler' driver.
INFO - 2025-01-27 05:32:42 --> Session: Class initialized using 'CodeIgniter\Session\Handlers\FileHandler' driver.
INFO - 2025-01-27 05:32:47 --> Session: Class initialized using 'CodeIgniter\Session\Handlers\FileHandler' driver.
INFO - 2025-01-27 05:32:57 --> Session: Class initialized using 'CodeIgniter\Session\Handlers\FileHandler' driver.
INFO - 2025-01-27 05:33:53 --> Session: Class initialized using 'CodeIgniter\Session\Handlers\FileHandler' driver.
INFO - 2025-01-27 05:34:27 --> Session: Class initialized using 'CodeIgniter\Session\Handlers\FileHandler' driver.
INFO - 2025-01-27 05:34:40 --> Session: Class initialized using 'CodeIgniter\Session\Handlers\FileHandler' driver.
INFO - 2025-01-27 05:34:54 --> Session: Class initialized using 'CodeIgniter\Session\Handlers\FileHandler' driver.
INFO - 2025-01-27 05:35:06 --> Session: Class initialized using 'CodeIgniter\Session\Handlers\FileHandler' driver.
INFO - 2025-01-27 05:35:10 --> Session: Class initialized using 'CodeIgniter\Session\Handlers\FileHandler' driver.
INFO - 2025-01-27 05:35:24 --> Session: Class initialized using 'CodeIgniter\Session\Handlers\FileHandler' driver.
INFO - 2025-01-27 05:35:25 --> Session: Class initialized using 'CodeIgniter\Session\Handlers\FileHandler' driver.
INFO - 2025-01-27 05:35:26 --> Session: Class initialized using 'CodeIgniter\Session\Handlers\FileHandler' driver.
INFO - 2025-01-27 05:35:28 --> Session: Class initialized using 'CodeIgniter\Session\Handlers\FileHandler' driver.
INFO - 2025-01-27 05:35:34 --> Session: Class initialized using 'CodeIgniter\Session\Handlers\FileHandler' driver.
INFO - 2025-01-27 05:36:09 --> Session: Class initialized using 'CodeIgniter\Session\Handlers\FileHandler' driver.
INFO - 2025-01-27 05:36:31 --> Session: Class initialized using 'CodeIgniter\Session\Handlers\FileHandler' driver.
INFO - 2025-01-27 05:36:33 --> Session: Class initialized using 'CodeIgniter\Session\Handlers\FileHandler' driver.
INFO - 2025-01-27 05:36:33 --> Session: Class initialized using 'CodeIgniter\Session\Handlers\FileHandler' driver.
INFO - 2025-01-27 05:36:37 --> Session: Class initialized using 'CodeIgniter\Session\Handlers\FileHandler' driver.
INFO - 2025-01-27 12:27:01 --> Session: Class initialized using 'CodeIgniter\Session\Handlers\FileHandler' driver.
INFO - 2025-01-27 12:27:09 --> Session: Class initialized using 'CodeIgniter\Session\Handlers\FileHandler' driver.
INFO - 2025-01-27 12:27:09 --> Session: Class initialized using 'CodeIgniter\Session\Handlers\FileHandler' driver.
INFO - 2025-01-27 12:27:13 --> Session: Class initialized using 'CodeIgniter\Session\Handlers\FileHandler' driver.
INFO - 2025-01-27 12:27:33 --> Session: Class initialized using 'CodeIgniter\Session\Handlers\FileHandler' driver.
INFO - 2025-01-27 12:27:50 --> Session: Class initialized using 'CodeIgniter\Session\Handlers\FileHandler' driver.
INFO - 2025-01-27 12:27:53 --> Session: Class initialized using 'CodeIgniter\Session\Handlers\FileHandler' driver.
INFO - 2025-01-27 12:27:53 --> Session: Class initialized using 'CodeIgniter\Session\Handlers\FileHandler' driver.
INFO - 2025-01-27 12:27:56 --> Session: Class initialized using 'CodeIgniter\Session\Handlers\FileHandler' driver.
INFO - 2025-01-27 12:28:00 --> Session: Class initialized using 'CodeIgniter\Session\Handlers\FileHandler' driver.
INFO - 2025-01-27 12:29:29 --> Session: Class initialized using 'CodeIgniter\Session\Handlers\FileHandler' driver.
CRITICAL - 2025-01-27 12:29:30 --> ErrorException: Undefined variable $users
in APPPATH\Views\admin\catalog\unit_product_form_value.php on line 73.
 1 APPPATH\Views\admin\catalog\unit_product_form_value.php(73): CodeIgniter\Debug\Exceptions->errorHandler(2, 'Undefined variable $users', 'C:\\xampp\\htdocs\\adminndupdatde\\app\\Views\\admin\\catalog\\unit_product_form_value.php', 73)
 2 SYSTEMPATH\View\View.php(228): include('C:\\xampp\\htdocs\\adminndupdatde\\app\\Views\\admin\\catalog\\unit_product_form_value.php')
 3 SYSTEMPATH\View\View.php(231): CodeIgniter\View\View->CodeIgniter\View\{closure}()
 4 SYSTEMPATH\Common.php(1178): CodeIgniter\View\View->render('admin/catalog/unit_product_form_value', [], true)
 5 APPPATH\Controllers\Admin\Category\Category.php(448): view('admin/catalog/unit_product_form_value', [...])
 6 SYSTEMPATH\CodeIgniter.php(943): App\Controllers\Admin\Category\Category->listAllSheet_value('9')
 7 SYSTEMPATH\CodeIgniter.php(503): CodeIgniter\CodeIgniter->runController(Object(App\Controllers\Admin\Category\Category))
 8 SYSTEMPATH\CodeIgniter.php(361): CodeIgniter\CodeIgniter->handleRequest(null, Object(Config\Cache), false)
 9 FCPATH\index.php(79): CodeIgniter\CodeIgniter->run()
10 SYSTEMPATH\Commands\Server\rewrite.php(47): require_once('C:\\xampp\\htdocs\\adminndupdatde\\public\\index.php')
INFO - 2025-01-27 12:29:59 --> Session: Class initialized using 'CodeIgniter\Session\Handlers\FileHandler' driver.
CRITICAL - 2025-01-27 12:29:59 --> ErrorException: Undefined variable $users
in APPPATH\Controllers\Admin\Category\Category.php on line 442.
 1 APPPATH\Controllers\Admin\Category\Category.php(442): CodeIgniter\Debug\Exceptions->errorHandler(2, 'Undefined variable $users', 'C:\\xampp\\htdocs\\adminndupdatde\\app\\Controllers\\Admin\\Category\\Category.php', 442)
 2 SYSTEMPATH\CodeIgniter.php(943): App\Controllers\Admin\Category\Category->listAllSheet_value('9')
 3 SYSTEMPATH\CodeIgniter.php(503): CodeIgniter\CodeIgniter->runController(Object(App\Controllers\Admin\Category\Category))
 4 SYSTEMPATH\CodeIgniter.php(361): CodeIgniter\CodeIgniter->handleRequest(null, Object(Config\Cache), false)
 5 FCPATH\index.php(79): CodeIgniter\CodeIgniter->run()
 6 SYSTEMPATH\Commands\Server\rewrite.php(47): require_once('C:\\xampp\\htdocs\\adminndupdatde\\public\\index.php')
INFO - 2025-01-27 12:30:12 --> Session: Class initialized using 'CodeIgniter\Session\Handlers\FileHandler' driver.
CRITICAL - 2025-01-27 12:30:12 --> ErrorException: Undefined variable $user
in APPPATH\Controllers\Admin\Category\Category.php on line 442.
 1 APPPATH\Controllers\Admin\Category\Category.php(442): CodeIgniter\Debug\Exceptions->errorHandler(2, 'Undefined variable $user', 'C:\\xampp\\htdocs\\adminndupdatde\\app\\Controllers\\Admin\\Category\\Category.php', 442)
 2 SYSTEMPATH\CodeIgniter.php(943): App\Controllers\Admin\Category\Category->listAllSheet_value('9')
 3 SYSTEMPATH\CodeIgniter.php(503): CodeIgniter\CodeIgniter->runController(Object(App\Controllers\Admin\Category\Category))
 4 SYSTEMPATH\CodeIgniter.php(361): CodeIgniter\CodeIgniter->handleRequest(null, Object(Config\Cache), false)
 5 FCPATH\index.php(79): CodeIgniter\CodeIgniter->run()
 6 SYSTEMPATH\Commands\Server\rewrite.php(47): require_once('C:\\xampp\\htdocs\\adminndupdatde\\public\\index.php')
INFO - 2025-01-27 12:30:33 --> Session: Class initialized using 'CodeIgniter\Session\Handlers\FileHandler' driver.
CRITICAL - 2025-01-27 12:30:33 --> ErrorException: Attempt to read property "name" on array
in APPPATH\Views\admin\catalog\unit_product_form_value.php on line 73.
 1 APPPATH\Views\admin\catalog\unit_product_form_value.php(73): CodeIgniter\Debug\Exceptions->errorHandler(2, 'Attempt to read property "name" on array', 'C:\\xampp\\htdocs\\adminndupdatde\\app\\Views\\admin\\catalog\\unit_product_form_value.php', 73)
 2 SYSTEMPATH\View\View.php(228): include('C:\\xampp\\htdocs\\adminndupdatde\\app\\Views\\admin\\catalog\\unit_product_form_value.php')
 3 SYSTEMPATH\View\View.php(231): CodeIgniter\View\View->CodeIgniter\View\{closure}()
 4 SYSTEMPATH\Common.php(1178): CodeIgniter\View\View->render('admin/catalog/unit_product_form_value', [], true)
 5 APPPATH\Controllers\Admin\Category\Category.php(448): view('admin/catalog/unit_product_form_value', [...])
 6 SYSTEMPATH\CodeIgniter.php(943): App\Controllers\Admin\Category\Category->listAllSheet_value('9')
 7 SYSTEMPATH\CodeIgniter.php(503): CodeIgniter\CodeIgniter->runController(Object(App\Controllers\Admin\Category\Category))
 8 SYSTEMPATH\CodeIgniter.php(361): CodeIgniter\CodeIgniter->handleRequest(null, Object(Config\Cache), false)
 9 FCPATH\index.php(79): CodeIgniter\CodeIgniter->run()
10 SYSTEMPATH\Commands\Server\rewrite.php(47): require_once('C:\\xampp\\htdocs\\adminndupdatde\\public\\index.php')
INFO - 2025-01-27 12:30:48 --> Session: Class initialized using 'CodeIgniter\Session\Handlers\FileHandler' driver.
INFO - 2025-01-27 12:30:57 --> Session: Class initialized using 'CodeIgniter\Session\Handlers\FileHandler' driver.
CRITICAL - 2025-01-27 12:30:57 --> ErrorException: Attempt to read property "name" on array
in APPPATH\Views\admin\catalog\unit_product_form_value.php on line 73.
 1 APPPATH\Views\admin\catalog\unit_product_form_value.php(73): CodeIgniter\Debug\Exceptions->errorHandler(2, 'Attempt to read property "name" on array', 'C:\\xampp\\htdocs\\adminndupdatde\\app\\Views\\admin\\catalog\\unit_product_form_value.php', 73)
 2 SYSTEMPATH\View\View.php(228): include('C:\\xampp\\htdocs\\adminndupdatde\\app\\Views\\admin\\catalog\\unit_product_form_value.php')
 3 SYSTEMPATH\View\View.php(231): CodeIgniter\View\View->CodeIgniter\View\{closure}()
 4 SYSTEMPATH\Common.php(1178): CodeIgniter\View\View->render('admin/catalog/unit_product_form_value', [], true)
 5 APPPATH\Controllers\Admin\Category\Category.php(448): view('admin/catalog/unit_product_form_value', [...])
 6 SYSTEMPATH\CodeIgniter.php(943): App\Controllers\Admin\Category\Category->listAllSheet_value('9')
 7 SYSTEMPATH\CodeIgniter.php(503): CodeIgniter\CodeIgniter->runController(Object(App\Controllers\Admin\Category\Category))
 8 SYSTEMPATH\CodeIgniter.php(361): CodeIgniter\CodeIgniter->handleRequest(null, Object(Config\Cache), false)
 9 FCPATH\index.php(79): CodeIgniter\CodeIgniter->run()
10 SYSTEMPATH\Commands\Server\rewrite.php(47): require_once('C:\\xampp\\htdocs\\adminndupdatde\\public\\index.php')
INFO - 2025-01-27 12:31:14 --> Session: Class initialized using 'CodeIgniter\Session\Handlers\FileHandler' driver.
INFO - 2025-01-27 12:32:10 --> Session: Class initialized using 'CodeIgniter\Session\Handlers\FileHandler' driver.
CRITICAL - 2025-01-27 12:32:10 --> ErrorException: Undefined variable $cat
in APPPATH\Views\admin\catalog\unit_product_form_value.php on line 98.
 1 APPPATH\Views\admin\catalog\unit_product_form_value.php(98): CodeIgniter\Debug\Exceptions->errorHandler(2, 'Undefined variable $cat', 'C:\\xampp\\htdocs\\adminndupdatde\\app\\Views\\admin\\catalog\\unit_product_form_value.php', 98)
 2 SYSTEMPATH\View\View.php(228): include('C:\\xampp\\htdocs\\adminndupdatde\\app\\Views\\admin\\catalog\\unit_product_form_value.php')
 3 SYSTEMPATH\View\View.php(231): CodeIgniter\View\View->CodeIgniter\View\{closure}()
 4 SYSTEMPATH\Common.php(1178): CodeIgniter\View\View->render('admin/catalog/unit_product_form_value', [], true)
 5 APPPATH\Controllers\Admin\Category\Category.php(448): view('admin/catalog/unit_product_form_value', [...])
 6 SYSTEMPATH\CodeIgniter.php(943): App\Controllers\Admin\Category\Category->listAllSheet_value('9')
 7 SYSTEMPATH\CodeIgniter.php(503): CodeIgniter\CodeIgniter->runController(Object(App\Controllers\Admin\Category\Category))
 8 SYSTEMPATH\CodeIgniter.php(361): CodeIgniter\CodeIgniter->handleRequest(null, Object(Config\Cache), false)
 9 FCPATH\index.php(79): CodeIgniter\CodeIgniter->run()
10 SYSTEMPATH\Commands\Server\rewrite.php(47): require_once('C:\\xampp\\htdocs\\adminndupdatde\\public\\index.php')
INFO - 2025-01-27 12:33:05 --> Session: Class initialized using 'CodeIgniter\Session\Handlers\FileHandler' driver.
INFO - 2025-01-27 12:35:08 --> Session: Class initialized using 'CodeIgniter\Session\Handlers\FileHandler' driver.
CRITICAL - 2025-01-27 12:35:08 --> ErrorException: Attempt to read property "status" on array
in APPPATH\Views\admin\catalog\unit_product_form_value.php on line 89.
 1 APPPATH\Views\admin\catalog\unit_product_form_value.php(89): CodeIgniter\Debug\Exceptions->errorHandler(2, 'Attempt to read property "status" on array', 'C:\\xampp\\htdocs\\adminndupdatde\\app\\Views\\admin\\catalog\\unit_product_form_value.php', 89)
 2 SYSTEMPATH\View\View.php(228): include('C:\\xampp\\htdocs\\adminndupdatde\\app\\Views\\admin\\catalog\\unit_product_form_value.php')
 3 SYSTEMPATH\View\View.php(231): CodeIgniter\View\View->CodeIgniter\View\{closure}()
 4 SYSTEMPATH\Common.php(1178): CodeIgniter\View\View->render('admin/catalog/unit_product_form_value', [], true)
 5 APPPATH\Controllers\Admin\Category\Category.php(451): view('admin/catalog/unit_product_form_value', [...])
 6 SYSTEMPATH\CodeIgniter.php(943): App\Controllers\Admin\Category\Category->listAllSheet_value('9')
 7 SYSTEMPATH\CodeIgniter.php(503): CodeIgniter\CodeIgniter->runController(Object(App\Controllers\Admin\Category\Category))
 8 SYSTEMPATH\CodeIgniter.php(361): CodeIgniter\CodeIgniter->handleRequest(null, Object(Config\Cache), false)
 9 FCPATH\index.php(79): CodeIgniter\CodeIgniter->run()
10 SYSTEMPATH\Commands\Server\rewrite.php(47): require_once('C:\\xampp\\htdocs\\adminndupdatde\\public\\index.php')
INFO - 2025-01-27 12:35:20 --> Session: Class initialized using 'CodeIgniter\Session\Handlers\FileHandler' driver.
INFO - 2025-01-27 12:35:29 --> Session: Class initialized using 'CodeIgniter\Session\Handlers\FileHandler' driver.
CRITICAL - 2025-01-27 12:35:29 --> ErrorException: Attempt to read property "status" on array
in APPPATH\Views\admin\catalog\unit_product_form_value.php on line 89.
 1 APPPATH\Views\admin\catalog\unit_product_form_value.php(89): CodeIgniter\Debug\Exceptions->errorHandler(2, 'Attempt to read property "status" on array', 'C:\\xampp\\htdocs\\adminndupdatde\\app\\Views\\admin\\catalog\\unit_product_form_value.php', 89)
 2 SYSTEMPATH\View\View.php(228): include('C:\\xampp\\htdocs\\adminndupdatde\\app\\Views\\admin\\catalog\\unit_product_form_value.php')
 3 SYSTEMPATH\View\View.php(231): CodeIgniter\View\View->CodeIgniter\View\{closure}()
 4 SYSTEMPATH\Common.php(1178): CodeIgniter\View\View->render('admin/catalog/unit_product_form_value', [], true)
 5 APPPATH\Controllers\Admin\Category\Category.php(451): view('admin/catalog/unit_product_form_value', [...])
 6 SYSTEMPATH\CodeIgniter.php(943): App\Controllers\Admin\Category\Category->listAllSheet_value('9')
 7 SYSTEMPATH\CodeIgniter.php(503): CodeIgniter\CodeIgniter->runController(Object(App\Controllers\Admin\Category\Category))
 8 SYSTEMPATH\CodeIgniter.php(361): CodeIgniter\CodeIgniter->handleRequest(null, Object(Config\Cache), false)
 9 FCPATH\index.php(79): CodeIgniter\CodeIgniter->run()
10 SYSTEMPATH\Commands\Server\rewrite.php(47): require_once('C:\\xampp\\htdocs\\adminndupdatde\\public\\index.php')
INFO - 2025-01-27 12:36:31 --> Session: Class initialized using 'CodeIgniter\Session\Handlers\FileHandler' driver.
CRITICAL - 2025-01-27 12:36:31 --> Error: Cannot use object of type stdClass as array
in APPPATH\Views\admin\catalog\unit_product_form_value.php on line 109.
 1 SYSTEMPATH\View\View.php(228): include()
 2 SYSTEMPATH\View\View.php(231): CodeIgniter\View\View->CodeIgniter\View\{closure}()
 3 SYSTEMPATH\Common.php(1178): CodeIgniter\View\View->render('admin/catalog/unit_product_form_value', [], true)
 4 APPPATH\Controllers\Admin\Category\Category.php(451): view('admin/catalog/unit_product_form_value', [...])
 5 SYSTEMPATH\CodeIgniter.php(943): App\Controllers\Admin\Category\Category->listAllSheet_value('9')
 6 SYSTEMPATH\CodeIgniter.php(503): CodeIgniter\CodeIgniter->runController(Object(App\Controllers\Admin\Category\Category))
 7 SYSTEMPATH\CodeIgniter.php(361): CodeIgniter\CodeIgniter->handleRequest(null, Object(Config\Cache), false)
 8 FCPATH\index.php(79): CodeIgniter\CodeIgniter->run()
 9 SYSTEMPATH\Commands\Server\rewrite.php(47): require_once('C:\\xampp\\htdocs\\adminndupdatde\\public\\index.php')
INFO - 2025-01-27 12:36:50 --> Session: Class initialized using 'CodeIgniter\Session\Handlers\FileHandler' driver.
INFO - 2025-01-27 12:37:19 --> Session: Class initialized using 'CodeIgniter\Session\Handlers\FileHandler' driver.
INFO - 2025-01-27 12:37:25 --> Session: Class initialized using 'CodeIgniter\Session\Handlers\FileHandler' driver.
CRITICAL - 2025-01-27 12:37:25 --> Error: Cannot use object of type stdClass as array
in APPPATH\Views\admin\catalog\unit_product_form_value.php on line 109.
 1 SYSTEMPATH\View\View.php(228): include()
 2 SYSTEMPATH\View\View.php(231): CodeIgniter\View\View->CodeIgniter\View\{closure}()
 3 SYSTEMPATH\Common.php(1178): CodeIgniter\View\View->render('admin/catalog/unit_product_form_value', [], true)
 4 APPPATH\Controllers\Admin\Category\Category.php(451): view('admin/catalog/unit_product_form_value', [...])
 5 SYSTEMPATH\CodeIgniter.php(943): App\Controllers\Admin\Category\Category->listAllSheet_value('9')
 6 SYSTEMPATH\CodeIgniter.php(503): CodeIgniter\CodeIgniter->runController(Object(App\Controllers\Admin\Category\Category))
 7 SYSTEMPATH\CodeIgniter.php(361): CodeIgniter\CodeIgniter->handleRequest(null, Object(Config\Cache), false)
 8 FCPATH\index.php(79): CodeIgniter\CodeIgniter->run()
 9 SYSTEMPATH\Commands\Server\rewrite.php(47): require_once('C:\\xampp\\htdocs\\adminndupdatde\\public\\index.php')
INFO - 2025-01-27 12:37:38 --> Session: Class initialized using 'CodeIgniter\Session\Handlers\FileHandler' driver.
INFO - 2025-01-27 12:39:36 --> Session: Class initialized using 'CodeIgniter\Session\Handlers\FileHandler' driver.
INFO - 2025-01-27 12:39:55 --> Session: Class initialized using 'CodeIgniter\Session\Handlers\FileHandler' driver.
INFO - 2025-01-27 12:40:20 --> Session: Class initialized using 'CodeIgniter\Session\Handlers\FileHandler' driver.
INFO - 2025-01-27 12:40:28 --> Session: Class initialized using 'CodeIgniter\Session\Handlers\FileHandler' driver.
INFO - 2025-01-27 12:40:37 --> Session: Class initialized using 'CodeIgniter\Session\Handlers\FileHandler' driver.
INFO - 2025-01-27 12:40:41 --> Session: Class initialized using 'CodeIgniter\Session\Handlers\FileHandler' driver.
INFO - 2025-01-27 12:40:46 --> Session: Class initialized using 'CodeIgniter\Session\Handlers\FileHandler' driver.
INFO - 2025-01-27 12:40:51 --> Session: Class initialized using 'CodeIgniter\Session\Handlers\FileHandler' driver.
INFO - 2025-01-27 12:44:34 --> Session: Class initialized using 'CodeIgniter\Session\Handlers\FileHandler' driver.
INFO - 2025-01-27 12:46:42 --> Session: Class initialized using 'CodeIgniter\Session\Handlers\FileHandler' driver.
INFO - 2025-01-27 12:47:50 --> Session: Class initialized using 'CodeIgniter\Session\Handlers\FileHandler' driver.
INFO - 2025-01-27 12:48:07 --> Session: Class initialized using 'CodeIgniter\Session\Handlers\FileHandler' driver.
INFO - 2025-01-27 12:48:17 --> Session: Class initialized using 'CodeIgniter\Session\Handlers\FileHandler' driver.
INFO - 2025-01-27 12:48:23 --> Session: Class initialized using 'CodeIgniter\Session\Handlers\FileHandler' driver.
INFO - 2025-01-27 12:48:33 --> Session: Class initialized using 'CodeIgniter\Session\Handlers\FileHandler' driver.
INFO - 2025-01-27 12:49:41 --> Session: Class initialized using 'CodeIgniter\Session\Handlers\FileHandler' driver.
INFO - 2025-01-27 12:49:45 --> Session: Class initialized using 'CodeIgniter\Session\Handlers\FileHandler' driver.
INFO - 2025-01-27 12:49:50 --> Session: Class initialized using 'CodeIgniter\Session\Handlers\FileHandler' driver.
INFO - 2025-01-27 12:50:47 --> Session: Class initialized using 'CodeIgniter\Session\Handlers\FileHandler' driver.
INFO - 2025-01-27 12:50:47 --> Session: Class initialized using 'CodeIgniter\Session\Handlers\FileHandler' driver.
INFO - 2025-01-27 12:50:51 --> Session: Class initialized using 'CodeIgniter\Session\Handlers\FileHandler' driver.
INFO - 2025-01-27 12:51:27 --> Session: Class initialized using 'CodeIgniter\Session\Handlers\FileHandler' driver.
INFO - 2025-01-27 12:51:30 --> Session: Class initialized using 'CodeIgniter\Session\Handlers\FileHandler' driver.
INFO - 2025-01-27 13:06:16 --> Session: Class initialized using 'CodeIgniter\Session\Handlers\FileHandler' driver.
INFO - 2025-01-27 13:06:18 --> Session: Class initialized using 'CodeIgniter\Session\Handlers\FileHandler' driver.
INFO - 2025-01-27 13:10:23 --> Session: Class initialized using 'CodeIgniter\Session\Handlers\FileHandler' driver.
INFO - 2025-01-27 13:10:38 --> Session: Class initialized using 'CodeIgniter\Session\Handlers\FileHandler' driver.
INFO - 2025-01-27 13:10:42 --> Session: Class initialized using 'CodeIgniter\Session\Handlers\FileHandler' driver.
INFO - 2025-01-27 13:10:48 --> Session: Class initialized using 'CodeIgniter\Session\Handlers\FileHandler' driver.
INFO - 2025-01-27 13:10:48 --> Session: Class initialized using 'CodeIgniter\Session\Handlers\FileHandler' driver.
INFO - 2025-01-27 13:10:52 --> Session: Class initialized using 'CodeIgniter\Session\Handlers\FileHandler' driver.
INFO - 2025-01-27 13:11:09 --> Session: Class initialized using 'CodeIgniter\Session\Handlers\FileHandler' driver.
INFO - 2025-01-27 13:11:18 --> Session: Class initialized using 'CodeIgniter\Session\Handlers\FileHandler' driver.
INFO - 2025-01-27 13:11:52 --> Session: Class initialized using 'CodeIgniter\Session\Handlers\FileHandler' driver.
INFO - 2025-01-27 13:12:21 --> Session: Class initialized using 'CodeIgniter\Session\Handlers\FileHandler' driver.
INFO - 2025-01-27 13:12:26 --> Session: Class initialized using 'CodeIgniter\Session\Handlers\FileHandler' driver.
CRITICAL - 2025-01-27 13:12:26 --> ErrorException: Undefined variable $userPermissions1
in APPPATH\Controllers\Admin\Category\Category.php on line 489.
 1 APPPATH\Controllers\Admin\Category\Category.php(489): CodeIgniter\Debug\Exceptions->errorHandler(2, 'Undefined variable $userPermissions1', 'C:\\xampp\\htdocs\\adminndupdatde\\app\\Controllers\\Admin\\Category\\Category.php', 489)
 2 SYSTEMPATH\CodeIgniter.php(943): App\Controllers\Admin\Category\Category->listAllunit_product_list_update('5c5d4692a6f30dcc9cd56705a264b7c4')
 3 SYSTEMPATH\CodeIgniter.php(503): CodeIgniter\CodeIgniter->runController(Object(App\Controllers\Admin\Category\Category))
 4 SYSTEMPATH\CodeIgniter.php(361): CodeIgniter\CodeIgniter->handleRequest(null, Object(Config\Cache), false)
 5 FCPATH\index.php(79): CodeIgniter\CodeIgniter->run()
 6 SYSTEMPATH\Commands\Server\rewrite.php(47): require_once('C:\\xampp\\htdocs\\adminndupdatde\\public\\index.php')
INFO - 2025-01-27 13:12:37 --> Session: Class initialized using 'CodeIgniter\Session\Handlers\FileHandler' driver.
CRITICAL - 2025-01-27 13:12:37 --> ErrorException: Undefined variable $userPermissions1
in APPPATH\Controllers\Admin\Category\Category.php on line 489.
 1 APPPATH\Controllers\Admin\Category\Category.php(489): CodeIgniter\Debug\Exceptions->errorHandler(2, 'Undefined variable $userPermissions1', 'C:\\xampp\\htdocs\\adminndupdatde\\app\\Controllers\\Admin\\Category\\Category.php', 489)
 2 SYSTEMPATH\CodeIgniter.php(943): App\Controllers\Admin\Category\Category->listAllunit_product_list_update('5c5d4692a6f30dcc9cd56705a264b7c4')
 3 SYSTEMPATH\CodeIgniter.php(503): CodeIgniter\CodeIgniter->runController(Object(App\Controllers\Admin\Category\Category))
 4 SYSTEMPATH\CodeIgniter.php(361): CodeIgniter\CodeIgniter->handleRequest(null, Object(Config\Cache), false)
 5 FCPATH\index.php(79): CodeIgniter\CodeIgniter->run()
 6 SYSTEMPATH\Commands\Server\rewrite.php(47): require_once('C:\\xampp\\htdocs\\adminndupdatde\\public\\index.php')
INFO - 2025-01-27 13:12:42 --> Session: Class initialized using 'CodeIgniter\Session\Handlers\FileHandler' driver.
INFO - 2025-01-27 13:13:50 --> Session: Class initialized using 'CodeIgniter\Session\Handlers\FileHandler' driver.
INFO - 2025-01-27 13:13:50 --> Session: Class initialized using 'CodeIgniter\Session\Handlers\FileHandler' driver.
INFO - 2025-01-27 13:14:06 --> Session: Class initialized using 'CodeIgniter\Session\Handlers\FileHandler' driver.
INFO - 2025-01-27 13:14:10 --> Session: Class initialized using 'CodeIgniter\Session\Handlers\FileHandler' driver.
INFO - 2025-01-27 13:14:16 --> Session: Class initialized using 'CodeIgniter\Session\Handlers\FileHandler' driver.
INFO - 2025-01-27 13:14:16 --> Session: Class initialized using 'CodeIgniter\Session\Handlers\FileHandler' driver.
